[10:23:57.234][COMMON_SETUP][CLIENT][INFO] Started loading Scripts for Loader 'setupCommon'!
[10:24:01.364][COMMON_SETUP][CLIENT][INFO] Finished loading Scripts!
[10:44:54.357][DONE][CLIENT][INFO] Started loading Scripts for Loader 'crafttweaker'!
[10:44:54.411][DONE][CLIENT][INFO] Loading file: Mod Recipes\Cyclic.zs
[10:44:54.415][DONE][CLIENT][INFO] Loading file: Mod Recipes\Mekanism.zs
[10:44:54.416][DONE][CLIENT][INFO] Loading file: Mod Recipes\Mystical.zs
[10:44:54.416][DONE][CLIENT][INFO] Loading file: Mod Recipes\Overloaded.zs
[10:44:54.417][DONE][CLIENT][INFO] Loading file: Mod Recipes\Reliquary.zs
[10:44:54.418][DONE][CLIENT][INFO] Loading file: Mod Recipes\SolarFluxReborn.zs
[10:44:54.418][DONE][CLIENT][INFO] Loading file: Unification\Handcrafting_ores_metals.zs
[10:44:54.423][DONE][CLIENT][INFO] Loading file: Unification\JEI ore unification.zs
[10:44:54.427][DONE][CLIENT][INFO] Loading file: Unification\Mystical_crafting_to_ingots.zs
[10:44:54.490][DONE][CLIENT][INFO] Removing "minecraft:crafting" recipes with output: <item:cyclic:antigravity>.withTag({Damage: 0 as int})"
[10:44:54.501][DONE][CLIENT][INFO] Removing "minecraft:crafting" recipes with output: <item:cyclic:charm_void>.withTag({Damage: 0 as int})"
[10:44:54.509][DONE][CLIENT][INFO] Removing "minecraft:crafting" recipes with output: <item:cyclic:charm_antidote>.withTag({Damage: 0 as int})"
[10:44:54.518][DONE][CLIENT][INFO] Removing "minecraft:crafting" recipes with output: <item:cyclic:charm_fire>.withTag({Damage: 0 as int})"
[10:44:54.525][DONE][CLIENT][INFO] Removing "minecraft:crafting" recipes with output: <item:cyclic:charm_wither>.withTag({Damage: 0 as int})"
[10:44:54.533][DONE][CLIENT][INFO] Removing "minecraft:crafting" recipes with output: <item:cyclic:crystal_chestplate>.withTag({Damage: 0 as int})"
[10:44:54.539][DONE][CLIENT][INFO] Removing "minecraft:crafting" recipes with output: <item:cyclic:crystal_helmet>.withTag({Damage: 0 as int})"
[10:44:54.543][DONE][CLIENT][INFO] Removing "minecraft:crafting" recipes with output: <item:cyclic:crystal_boots>.withTag({Damage: 0 as int})"
[10:44:54.546][DONE][CLIENT][INFO] Removing "minecraft:crafting" recipes with output: <item:cyclic:crystal_leggings>.withTag({Damage: 0 as int})"
[10:44:54.549][DONE][CLIENT][INFO] Removing "minecraft:crafting" recipes with output: <item:cyclic:crystal_sword>.withTag({Damage: 0 as int})"
[10:44:54.552][DONE][CLIENT][INFO] Removing "minecraft:crafting" recipes with output: <item:cyclic:crystal_pickaxe>.withTag({Damage: 0 as int})"
[10:44:54.556][DONE][CLIENT][INFO] Removing "minecraft:crafting" recipes with output: <item:cyclic:crystal_axe>.withTag({Damage: 0 as int})"
[10:44:54.560][DONE][CLIENT][INFO] Removing "minecraft:crafting" recipes with output: <item:cyclic:crystal_shovel>.withTag({Damage: 0 as int})"
[10:44:54.563][DONE][CLIENT][INFO] Removing "minecraft:crafting" recipes with output: <item:cyclic:crystal_hoe>.withTag({Damage: 0 as int})"
[10:44:54.567][DONE][CLIENT][INFO] Removing "minecraft:crafting" recipes with output: <item:cyclic:emerald_chestplate>.withTag({Damage: 0 as int})"
[10:44:54.571][DONE][CLIENT][INFO] Removing "minecraft:crafting" recipes with output: <item:cyclic:emerald_helmet>.withTag({Damage: 0 as int})"
[10:44:54.575][DONE][CLIENT][INFO] Removing "minecraft:crafting" recipes with output: <item:cyclic:emerald_boots>.withTag({Damage: 0 as int})"
[10:44:54.578][DONE][CLIENT][INFO] Removing "minecraft:crafting" recipes with output: <item:cyclic:emerald_leggings>.withTag({Damage: 0 as int})"
[10:44:54.581][DONE][CLIENT][INFO] Removing "minecraft:crafting" recipes with output: <item:cyclic:emerald_sword>.withTag({Damage: 0 as int})"
[10:44:54.584][DONE][CLIENT][INFO] Removing "minecraft:crafting" recipes with output: <item:cyclic:emerald_pickaxe>.withTag({Damage: 0 as int})"
[10:44:54.587][DONE][CLIENT][INFO] Removing "minecraft:crafting" recipes with output: <item:cyclic:emerald_axe>.withTag({Damage: 0 as int})"
[10:44:54.590][DONE][CLIENT][INFO] Removing "minecraft:crafting" recipes with output: <item:cyclic:emerald_shovel>.withTag({Damage: 0 as int})"
[10:44:54.593][DONE][CLIENT][INFO] Removing "minecraft:crafting" recipes with output: <item:cyclic:emerald_hoe>.withTag({Damage: 0 as int})"
[10:44:54.595][DONE][CLIENT][INFO] Removing "minecraft:crafting" recipes with output: <item:cyclic:charm_ultimate>.withTag({Damage: 0 as int})"
[10:44:54.598][DONE][CLIENT][INFO] Removing "minecraft:crafting" recipes with output: <item:cyclic:glowing_helmet>.withTag({Damage: 0 as int})"
[10:44:54.601][DONE][CLIENT][INFO] Removing "minecraft:crafting" recipes with output: <item:cyclic:energy_pipe>"
[10:44:54.603][DONE][CLIENT][INFO] Removing "minecraft:crafting" recipes with output: <item:cyclic:item_pipe>"
[10:44:54.606][DONE][CLIENT][INFO] Removing "minecraft:crafting" recipes with output: <item:cyclic:fluid_pipe>"
[10:44:54.609][DONE][CLIENT][INFO] Removing "minecraft:crafting" recipes with output: <item:cyclic:cable_wrench>"
[10:44:54.612][DONE][CLIENT][INFO] Removing "minecraft:crafting" recipes with output: <item:cyclic:heart>"
[10:44:54.614][DONE][CLIENT][INFO] Removing "minecraft:crafting" recipes with output: <item:cyclic:heart_empty>"
[10:44:54.616][DONE][CLIENT][INFO] Removing "minecraft:crafting" recipes with output: <item:cyclic:uncrafter>"
[10:44:54.619][DONE][CLIENT][INFO] Removing "minecraft:crafting" recipes with output: <item:mekanism:cardboard_box>"
[10:44:54.626][DONE][CLIENT][INFO] Adding "minecraft:crafting" recipe, of type: "shaped", with name: "crafttweaker:cardbox" that outputs: <item:mekanism:cardboard_box>
[10:44:54.627][DONE][CLIENT][INFO] Removing "minecraft:crafting" recipes with output: <item:mysticalagriculture:infusion_crystal>.withTag({Damage: 0 as int})"
[10:44:54.632][DONE][CLIENT][INFO] Removing "minecraft:crafting" recipes with output: <item:mysticalagriculture:infusion_pedestal>"
[10:44:54.639][DONE][CLIENT][INFO] Removing "minecraft:crafting" recipes with output: <item:mysticalagriculture:infusion_altar>"
[10:44:54.645][DONE][CLIENT][INFO] Adding "minecraft:crafting" recipe, of type: "shaped", with name: "crafttweaker:infpedestal" that outputs: <item:mysticalagriculture:infusion_pedestal>
[10:44:54.645][DONE][CLIENT][INFO] Adding "minecraft:crafting" recipe, of type: "shaped", with name: "crafttweaker:infaltar" that outputs: <item:mysticalagriculture:infusion_altar>
[10:44:54.645][DONE][CLIENT][INFO] Removing "minecraft:crafting" recipes with output: <item:mysticalagriculture:master_infusion_crystal>"
[10:44:54.650][DONE][CLIENT][INFO] Adding "minecraft:crafting" recipe, of type: "shaped", with name: "crafttweaker:master_crystal" that outputs: <item:mysticalagriculture:master_infusion_crystal>
[10:44:54.650][DONE][CLIENT][INFO] Removing "minecraft:crafting" recipes with output: <item:overloaded:multi_tool>"
[10:44:54.653][DONE][CLIENT][INFO] Removing "minecraft:crafting" recipes with output: <item:overloaded:ray_gun>"
[10:44:54.657][DONE][CLIENT][INFO] Removing "minecraft:crafting" recipes with output: <item:overloaded:instant_furnace>"
[10:44:54.660][DONE][CLIENT][INFO] Removing "minecraft:crafting" recipes with output: <item:overloaded:multi_chestplate>"
[10:44:54.663][DONE][CLIENT][INFO] Adding "minecraft:crafting" recipe, of type: "shaped", with name: "crafttweaker:multichest" that outputs: <item:overloaded:multi_chestplate>
[10:44:54.663][DONE][CLIENT][INFO] Removing "minecraft:crafting" recipes with output: <item:overloaded:multi_leggings>"
[10:44:54.666][DONE][CLIENT][INFO] Adding "minecraft:crafting" recipe, of type: "shaped", with name: "crafttweaker:multilegs" that outputs: <item:overloaded:multi_leggings>
[10:44:54.666][DONE][CLIENT][INFO] Removing "minecraft:crafting" recipes with output: <item:overloaded:multi_helmet>"
[10:44:54.669][DONE][CLIENT][INFO] Adding "minecraft:crafting" recipe, of type: "shaped", with name: "crafttweaker:multihelmet" that outputs: <item:overloaded:multi_helmet>
[10:44:54.669][DONE][CLIENT][INFO] Removing "minecraft:crafting" recipes with output: <item:overloaded:multi_boots>"
[10:44:54.671][DONE][CLIENT][INFO] Adding "minecraft:crafting" recipe, of type: "shaped", with name: "crafttweaker:multiboots" that outputs: <item:overloaded:multi_boots>
[10:44:54.672][DONE][CLIENT][INFO] Removing "minecraft:crafting" recipes with output: <item:xreliquary:alkahestry_tome>.withDamage(1001)"
[10:44:54.675][DONE][CLIENT][INFO] Adding "minecraft:crafting" recipe, of type: "shaped", with name: "crafttweaker:alktome_c" that outputs: <item:xreliquary:alkahestry_tome>.withDamage(1001)
[10:44:54.676][DONE][CLIENT][INFO] Removing "minecraft:crafting" recipes with output: <item:solarflux:sp_3>"
[10:44:54.678][DONE][CLIENT][INFO] Adding "minecraft:crafting" recipe, of type: "shaped", with name: "crafttweaker:solart3" that outputs: <item:solarflux:sp_3>
[10:44:54.679][DONE][CLIENT][INFO] Removing "minecraft:crafting" recipes with output: <item:solarflux:sp_4>"
[10:44:54.681][DONE][CLIENT][INFO] Adding "minecraft:crafting" recipe, of type: "shaped", with name: "crafttweaker:solart4" that outputs: <item:solarflux:sp_4>
[10:44:54.681][DONE][CLIENT][INFO] Removing "minecraft:crafting" recipes with output: <item:solarflux:sp_5>"
[10:44:54.684][DONE][CLIENT][INFO] Adding "minecraft:crafting" recipe, of type: "shaped", with name: "crafttweaker:solart5" that outputs: <item:solarflux:sp_5>
[10:44:54.684][DONE][CLIENT][INFO] Removing "minecraft:crafting" recipes with output: <item:solarflux:sp_6>"
[10:44:54.687][DONE][CLIENT][INFO] Adding "minecraft:crafting" recipe, of type: "shaped", with name: "crafttweaker:solart6" that outputs: <item:solarflux:sp_6>
[10:44:54.687][DONE][CLIENT][INFO] Removing "minecraft:crafting" recipes with output: <item:solarflux:sp_7>"
[10:44:54.690][DONE][CLIENT][INFO] Adding "minecraft:crafting" recipe, of type: "shaped", with name: "crafttweaker:solart7" that outputs: <item:solarflux:sp_7>
[10:44:54.691][DONE][CLIENT][INFO] Removing "minecraft:crafting" recipes with output: <item:solarflux:sp_8>"
[10:44:54.694][DONE][CLIENT][INFO] Adding "minecraft:crafting" recipe, of type: "shaped", with name: "crafttweaker:solart8" that outputs: <item:solarflux:sp_8>
[10:44:54.695][DONE][CLIENT][INFO] Removing "minecraft:crafting" recipes with output: <item:thermal:sulfur_dust>"
[10:44:54.698][DONE][CLIENT][INFO] Removing "minecraft:crafting" recipes with output: <item:thermal:sulfur_dust>"
[10:44:54.704][DONE][CLIENT][INFO] Adding "minecraft:crafting" recipe, of type: "shapeless", with name: "crafttweaker:sulfur_m" that outputs: <item:thermal:sulfur_dust>
[10:44:54.704][DONE][CLIENT][INFO] Removing "minecraft:crafting" recipes with output: <item:silents_mechanisms:iron_dust>"
[10:44:54.708][DONE][CLIENT][INFO] Adding "minecraft:crafting" recipe, of type: "shapeless", with name: "crafttweaker:iron_m" that outputs: <item:silents_mechanisms:iron_dust>
[10:44:54.708][DONE][CLIENT][INFO] Removing "minecraft:crafting" recipes with output: <item:silents_mechanisms:gold_dust>"
[10:44:54.711][DONE][CLIENT][INFO] Adding "minecraft:crafting" recipe, of type: "shapeless", with name: "crafttweaker:gold_m" that outputs: <item:silents_mechanisms:gold_dust>
[10:44:54.711][DONE][CLIENT][INFO] Adding "minecraft:crafting" recipe, of type: "shapeless", with name: "crafttweaker:glowstone_m" that outputs: <item:minecraft:glowstone_dust>
[10:44:54.712][DONE][CLIENT][INFO] Adding "minecraft:crafting" recipe, of type: "shapeless", with name: "crafttweaker:glowstone_m2" that outputs: <item:minecraft:glowstone_dust> * 3
[10:44:54.712][DONE][CLIENT][INFO] Removing "minecraft:crafting" recipes with output: <item:thermal:ender_pearl_dust>"
[10:44:54.715][DONE][CLIENT][INFO] Adding "minecraft:crafting" recipe, of type: "shapeless", with name: "crafttweaker:enderdust_m" that outputs: <item:thermal:ender_pearl_dust>
[10:44:54.715][DONE][CLIENT][INFO] Removing "minecraft:crafting" recipes with output: <item:appliedenergistics2:fluix_dust>"
[10:44:54.719][DONE][CLIENT][INFO] Adding "minecraft:crafting" recipe, of type: "shapeless", with name: "crafttweaker:fluixdust_m" that outputs: <item:appliedenergistics2:fluix_dust>
[10:44:54.719][DONE][CLIENT][INFO] Removing "minecraft:crafting" recipes with output: <item:appliedenergistics2:certus_quartz_dust>"
[10:44:54.722][DONE][CLIENT][INFO] Adding "minecraft:crafting" recipe, of type: "shapeless", with name: "crafttweaker:certusdust_m" that outputs: <item:appliedenergistics2:certus_quartz_dust>
[10:44:54.722][DONE][CLIENT][INFO] Removing "minecraft:crafting" recipes with output: <item:bigreactors:cyanite_dust>"
[10:44:54.726][DONE][CLIENT][INFO] Adding "minecraft:crafting" recipe, of type: "shapeless", with name: "crafttweaker:cyanitedust_m" that outputs: <item:bigreactors:cyanite_dust>
[10:44:54.726][DONE][CLIENT][INFO] Removing "minecraft:crafting" recipes with output: <item:bigreactors:graphite_dust>"
[10:44:54.729][DONE][CLIENT][INFO] Adding "minecraft:crafting" recipe, of type: "shapeless", with name: "crafttweaker:graphiteedust_m" that outputs: <item:bigreactors:graphite_dust>
[10:44:54.729][DONE][CLIENT][INFO] Removing "minecraft:crafting" recipes with output: <item:immersiveengineering:dust_coke>"
[10:44:54.732][DONE][CLIENT][INFO] Adding "minecraft:crafting" recipe, of type: "shapeless", with name: "crafttweaker:cokedust_m" that outputs: <item:immersiveengineering:dust_coke>
[10:44:54.732][DONE][CLIENT][INFO] Removing "minecraft:crafting" recipes with output: <item:thermal:lapis_dust>"
[10:44:54.736][DONE][CLIENT][INFO] Adding "minecraft:crafting" recipe, of type: "shapeless", with name: "crafttweaker:lapisdust_m" that outputs: <item:thermal:lapis_dust>
[10:44:54.736][DONE][CLIENT][INFO] Removing "minecraft:crafting" recipes with output: <item:thermal:emerald_dust>"
[10:44:54.739][DONE][CLIENT][INFO] Adding "minecraft:crafting" recipe, of type: "shapeless", with name: "crafttweaker:emeralddust_m" that outputs: <item:thermal:emerald_dust>
[10:44:54.739][DONE][CLIENT][INFO] Removing "minecraft:crafting" recipes with output: <item:thermal:diamond_dust>"
[10:44:54.743][DONE][CLIENT][INFO] Adding "minecraft:crafting" recipe, of type: "shapeless", with name: "crafttweaker:diadust_m" that outputs: <item:thermal:diamond_dust>
[10:44:54.743][DONE][CLIENT][INFO] Removing "minecraft:crafting" recipes with output: <item:mekanism:dust_netherite>"
[10:44:54.746][DONE][CLIENT][INFO] Adding "minecraft:crafting" recipe, of type: "shapeless", with name: "crafttweaker:netherritedust_m" that outputs: <item:mekanism:dust_netherite>
[10:44:54.746][DONE][CLIENT][INFO] Removing "minecraft:crafting" recipes with output: <item:mekanism:dust_refined_obsidian>"
[10:44:54.750][DONE][CLIENT][INFO] Adding "minecraft:crafting" recipe, of type: "shapeless", with name: "crafttweaker:refindobsidust_m" that outputs: <item:mekanism:dust_refined_obsidian>
[10:44:54.750][DONE][CLIENT][INFO] Removing "minecraft:crafting" recipes with output: <item:mekanism:dust_fluorite>"
[10:44:54.754][DONE][CLIENT][INFO] Adding "minecraft:crafting" recipe, of type: "shapeless", with name: "crafttweaker:fluoritedust_m" that outputs: <item:mekanism:dust_fluorite>
[10:44:54.754][DONE][CLIENT][INFO] Removing "minecraft:crafting" recipes with output: <item:mekanism:dust_osmium>"
[10:44:54.757][DONE][CLIENT][INFO] Adding "minecraft:crafting" recipe, of type: "shapeless", with name: "crafttweaker:osmiumdust_m" that outputs: <item:mekanism:dust_osmium>
[10:44:54.757][DONE][CLIENT][INFO] Removing "minecraft:crafting" recipes with output: <item:thermal:apatite_dust>"
[10:44:54.761][DONE][CLIENT][INFO] Adding "minecraft:crafting" recipe, of type: "shapeless", with name: "crafttweaker:apatitedust_m" that outputs: <item:thermal:apatite_dust>
[10:44:54.761][DONE][CLIENT][INFO] Removing "minecraft:crafting" recipes with output: <item:thermal:cinnabar_dust>"
[10:44:54.764][DONE][CLIENT][INFO] Adding "minecraft:crafting" recipe, of type: "shapeless", with name: "crafttweaker:cinnabar_m" that outputs: <item:thermal:cinnabar_dust>
[10:44:54.764][DONE][CLIENT][INFO] Removing "minecraft:crafting" recipes with output: <item:thermal:niter_dust>"
[10:44:54.767][DONE][CLIENT][INFO] Adding "minecraft:crafting" recipe, of type: "shapeless", with name: "crafttweaker:niter_m" that outputs: <item:thermal:niter_dust>
[10:44:54.767][DONE][CLIENT][INFO] Removing "minecraft:crafting" recipes with output: <item:thermal:quartz_dust>"
[10:44:54.771][DONE][CLIENT][INFO] Adding "minecraft:crafting" recipe, of type: "shapeless", with name: "crafttweaker:quartz_m" that outputs: <item:thermal:quartz_dust>
[10:44:54.771][DONE][CLIENT][INFO] Removing "minecraft:crafting" recipes with output: <item:silents_mechanisms:redstone_alloy_dust>"
[10:44:54.775][DONE][CLIENT][INFO] Adding "minecraft:crafting" recipe, of type: "shapeless", with name: "crafttweaker:redalloy_m" that outputs: <item:silents_mechanisms:redstone_alloy_dust>
[10:44:54.775][DONE][CLIENT][INFO] Removing "minecraft:crafting" recipes with output: <item:silents_mechanisms:copper_dust>"
[10:44:54.779][DONE][CLIENT][INFO] Adding "minecraft:crafting" recipe, of type: "shapeless", with name: "crafttweaker:copper_m" that outputs: <item:silents_mechanisms:copper_dust>
[10:44:54.779][DONE][CLIENT][INFO] Removing "minecraft:crafting" recipes with output: <item:silents_mechanisms:tin_dust>"
[10:44:54.783][DONE][CLIENT][INFO] Adding "minecraft:crafting" recipe, of type: "shapeless", with name: "crafttweaker:tin_m" that outputs: <item:silents_mechanisms:tin_dust>
[10:44:54.783][DONE][CLIENT][INFO] Removing "minecraft:crafting" recipes with output: <item:silents_mechanisms:silver_dust>"
[10:44:54.787][DONE][CLIENT][INFO] Adding "minecraft:crafting" recipe, of type: "shapeless", with name: "crafttweaker:silver_m" that outputs: <item:silents_mechanisms:silver_dust>
[10:44:54.787][DONE][CLIENT][INFO] Removing "minecraft:crafting" recipes with output: <item:silents_mechanisms:nickel_dust>"
[10:44:54.790][DONE][CLIENT][INFO] Adding "minecraft:crafting" recipe, of type: "shapeless", with name: "crafttweaker:nickel_m" that outputs: <item:silents_mechanisms:nickel_dust>
[10:44:54.791][DONE][CLIENT][INFO] Removing "minecraft:crafting" recipes with output: <item:silents_mechanisms:platinum_dust>"
[10:44:54.794][DONE][CLIENT][INFO] Adding "minecraft:crafting" recipe, of type: "shapeless", with name: "crafttweaker:platinum_m" that outputs: <item:silents_mechanisms:platinum_dust>
[10:44:54.794][DONE][CLIENT][INFO] Removing "minecraft:crafting" recipes with output: <item:silents_mechanisms:zinc_dust>"
[10:44:54.797][DONE][CLIENT][INFO] Adding "minecraft:crafting" recipe, of type: "shapeless", with name: "crafttweaker:zinc_m" that outputs: <item:silents_mechanisms:zinc_dust>
[10:44:54.797][DONE][CLIENT][INFO] Removing "minecraft:crafting" recipes with output: <item:silents_mechanisms:bismuth_dust>"
[10:44:54.800][DONE][CLIENT][INFO] Adding "minecraft:crafting" recipe, of type: "shapeless", with name: "crafttweaker:bismuth_m" that outputs: <item:silents_mechanisms:bismuth_dust>
[10:44:54.800][DONE][CLIENT][INFO] Removing "minecraft:crafting" recipes with output: <item:silents_mechanisms:aluminum_dust>"
[10:44:54.804][DONE][CLIENT][INFO] Adding "minecraft:crafting" recipe, of type: "shapeless", with name: "crafttweaker:alum_m" that outputs: <item:silents_mechanisms:aluminum_dust>
[10:44:54.804][DONE][CLIENT][INFO] Removing "minecraft:crafting" recipes with output: <item:silents_mechanisms:uranium_dust>"
[10:44:54.807][DONE][CLIENT][INFO] Adding "minecraft:crafting" recipe, of type: "shapeless", with name: "crafttweaker:uranium_m" that outputs: <item:silents_mechanisms:uranium_dust>
[10:44:54.807][DONE][CLIENT][INFO] Removing "minecraft:crafting" recipes with output: <item:silents_mechanisms:bronze_dust>"
[10:44:54.810][DONE][CLIENT][INFO] Adding "minecraft:crafting" recipe, of type: "shapeless", with name: "crafttweaker:bronze_m" that outputs: <item:silents_mechanisms:bronze_dust> * 4
[10:44:54.810][DONE][CLIENT][INFO] Adding "minecraft:crafting" recipe, of type: "shapeless", with name: "crafttweaker:bronze_m2" that outputs: <item:silents_mechanisms:bronze_dust>
[10:44:54.810][DONE][CLIENT][INFO] Removing "minecraft:crafting" recipes with output: <item:silents_mechanisms:brass_dust>"
[10:44:54.814][DONE][CLIENT][INFO] Adding "minecraft:crafting" recipe, of type: "shapeless", with name: "crafttweaker:brass_m" that outputs: <item:silents_mechanisms:brass_dust> * 4
[10:44:54.814][DONE][CLIENT][INFO] Adding "minecraft:crafting" recipe, of type: "shapeless", with name: "crafttweaker:brass_m2" that outputs: <item:silents_mechanisms:brass_dust>
[10:44:54.814][DONE][CLIENT][INFO] Removing "minecraft:crafting" recipes with output: <item:silents_mechanisms:invar_dust>"
[10:44:54.818][DONE][CLIENT][INFO] Adding "minecraft:crafting" recipe, of type: "shapeless", with name: "crafttweaker:invar_m" that outputs: <item:silents_mechanisms:invar_dust> * 3
[10:44:54.818][DONE][CLIENT][INFO] Adding "minecraft:crafting" recipe, of type: "shapeless", with name: "crafttweaker:invar_m2" that outputs: <item:silents_mechanisms:invar_dust>
[10:44:54.818][DONE][CLIENT][INFO] Removing "minecraft:crafting" recipes with output: <item:silents_mechanisms:electrum_dust>"
[10:44:54.821][DONE][CLIENT][INFO] Adding "minecraft:crafting" recipe, of type: "shapeless", with name: "crafttweaker:electrum_m" that outputs: <item:silents_mechanisms:electrum_dust> * 2
[10:44:54.821][DONE][CLIENT][INFO] Adding "minecraft:crafting" recipe, of type: "shapeless", with name: "crafttweaker:electrum_m2" that outputs: <item:silents_mechanisms:electrum_dust>
[10:44:54.821][DONE][CLIENT][INFO] Removing "minecraft:crafting" recipes with output: <item:silents_mechanisms:steel_dust>"
[10:44:54.825][DONE][CLIENT][INFO] Adding "minecraft:crafting" recipe, of type: "shapeless", with name: "crafttweaker:steel_m" that outputs: <item:silents_mechanisms:steel_dust>
[10:44:54.825][DONE][CLIENT][INFO] Removing "minecraft:crafting" recipes with output: <item:silents_mechanisms:bismuth_brass_dust>"
[10:44:54.829][DONE][CLIENT][INFO] Adding "minecraft:crafting" recipe, of type: "shapeless", with name: "crafttweaker:bis_brass_m" that outputs: <item:silents_mechanisms:bismuth_brass_dust>
[10:44:54.829][DONE][CLIENT][INFO] Removing "minecraft:crafting" recipes with output: <item:silents_mechanisms:aluminum_steel_dust>"
[10:44:54.833][DONE][CLIENT][INFO] Adding "minecraft:crafting" recipe, of type: "shapeless", with name: "crafttweaker:alu-steel_m" that outputs: <item:silents_mechanisms:aluminum_steel_dust>
[10:44:54.833][DONE][CLIENT][INFO] Removing "minecraft:crafting" recipes with output: <item:silents_mechanisms:bismuth_steel_dust>"
[10:44:54.836][DONE][CLIENT][INFO] Adding "minecraft:crafting" recipe, of type: "shapeless", with name: "crafttweaker:bis-steel_m" that outputs: <item:silents_mechanisms:bismuth_steel_dust>
[10:44:54.836][DONE][CLIENT][INFO] Removing "minecraft:crafting" recipes with output: <item:silents_mechanisms:signalum_dust>"
[10:44:54.840][DONE][CLIENT][INFO] Adding "minecraft:crafting" recipe, of type: "shapeless", with name: "crafttweaker:signalum_m" that outputs: <item:silents_mechanisms:signalum_dust>
[10:44:54.840][DONE][CLIENT][INFO] Adding "minecraft:crafting" recipe, of type: "shapeless", with name: "crafttweaker:signalum_m2" that outputs: <item:silents_mechanisms:signalum_dust> * 4
[10:44:54.840][DONE][CLIENT][INFO] Removing "minecraft:crafting" recipes with output: <item:silents_mechanisms:lumium_dust>"
[10:44:54.844][DONE][CLIENT][INFO] Removing "minecraft:crafting" recipes with output: <item:thermal:lumium_dust>"
[10:44:54.848][DONE][CLIENT][INFO] Adding "minecraft:crafting" recipe, of type: "shapeless", with name: "crafttweaker:lumium_m" that outputs: <item:silents_mechanisms:lumium_dust>
[10:44:54.848][DONE][CLIENT][INFO] Adding "minecraft:crafting" recipe, of type: "shapeless", with name: "crafttweaker:lumium_m2" that outputs: <item:silents_mechanisms:lumium_dust> * 4
[10:44:54.848][DONE][CLIENT][INFO] Removing "minecraft:crafting" recipes with output: <item:silents_mechanisms:enderium_dust>"
[10:44:54.852][DONE][CLIENT][INFO] Adding "minecraft:crafting" recipe, of type: "shapeless", with name: "crafttweaker:enderium_m" that outputs: <item:silents_mechanisms:enderium_dust>
[10:44:54.852][DONE][CLIENT][INFO] Adding "minecraft:crafting" recipe, of type: "shapeless", with name: "crafttweaker:enderium_m2" that outputs: <item:silents_mechanisms:enderium_dust> * 4
[10:44:54.852][DONE][CLIENT][INFO] Removing "minecraft:crafting" recipes with output: <item:silents_mechanisms:coal_dust>"
[10:44:54.856][DONE][CLIENT][INFO] Adding "minecraft:crafting" recipe, of type: "shapeless", with name: "crafttweaker:coal_m" that outputs: <item:silents_mechanisms:coal_dust>
[10:44:54.856][DONE][CLIENT][INFO] Removing "minecraft:crafting" recipes with output: <item:astralsorcery:stardust>"
[10:44:54.860][DONE][CLIENT][INFO] Adding "minecraft:crafting" recipe, of type: "shapeless", with name: "crafttweaker:starmetal_m" that outputs: <item:astralsorcery:stardust>
[10:44:54.860][DONE][CLIENT][INFO] Removing "minecraft:crafting" recipes with output: <item:jaopca:dusts.tungsten>"
[10:44:54.863][DONE][CLIENT][INFO] Adding "minecraft:crafting" recipe, of type: "shapeless", with name: "crafttweaker:tungsten_m" that outputs: <item:jaopca:dusts.tungsten>
[10:44:54.865][DONE][CLIENT][INFO] Removing "minecraft:crafting" recipes with output: <item:immersiveengineering:plate_lead>"
[10:44:54.869][DONE][CLIENT][INFO] Removing "minecraft:crafting" recipes with output: <item:immersiveengineering:plate_constantan>"
[10:44:54.873][DONE][CLIENT][INFO] Removing "minecraft:crafting" recipes with output: <item:immersiveengineering:plate_electrum>"
[10:44:54.877][DONE][CLIENT][INFO] Removing "minecraft:crafting" recipes with output: <item:immersiveengineering:plate_iron>"
[10:44:54.880][DONE][CLIENT][INFO] Removing "minecraft:crafting" recipes with output: <item:immersiveengineering:plate_gold>"
[10:44:54.884][DONE][CLIENT][INFO] Removing "minecraft:crafting" recipes with output: <item:immersiveengineering:plate_copper>"
[10:44:54.887][DONE][CLIENT][INFO] Removing "minecraft:crafting" recipes with output: <item:immersiveengineering:plate_silver>"
[10:44:54.891][DONE][CLIENT][INFO] Removing "minecraft:crafting" recipes with output: <item:immersiveengineering:plate_nickel>"
[10:44:54.894][DONE][CLIENT][INFO] Removing "minecraft:crafting" recipes with output: <item:immersiveengineering:stick_iron>"
[10:44:54.898][DONE][CLIENT][INFO] Removing "minecraft:crafting" recipes with output: <item:immersiveengineering:stick_steel>"
[10:44:54.901][DONE][CLIENT][INFO] Removing "minecraft:crafting" recipes with output: <item:immersiveengineering:stick_aluminum>"
[10:44:54.905][DONE][CLIENT][INFO] Removing "minecraft:crafting" recipes with output: <item:immersiveengineering:dust_sulfur>"
[10:44:54.908][DONE][CLIENT][INFO] Removing "minecraft:crafting" recipes with output: <item:immersiveengineering:dust_saltpeter>"
[10:44:54.912][DONE][CLIENT][INFO] Removing "minecraft:crafting" recipes with output: <item:mekanism:dust_sulfur>"
[10:44:54.916][DONE][CLIENT][INFO] Removing "minecraft:crafting" recipes with output: <item:bluepower:sapphire_gem>"
[10:44:54.919][DONE][CLIENT][INFO] Removing "minecraft:crafting" recipes with output: <item:bluepower:sapphire_block>"
[10:44:54.923][DONE][CLIENT][INFO] Removing "minecraft:crafting" recipes with output: <item:bluepower:amethyst_gem>"
[10:44:54.927][DONE][CLIENT][INFO] Removing "minecraft:crafting" recipes with output: <item:bluepower:amethyst_block>"
[10:44:54.930][DONE][CLIENT][INFO] Removing "minecraft:crafting" recipes with output: <item:titanium:gold_gear>"
[10:44:54.934][DONE][CLIENT][INFO] Removing "minecraft:crafting" recipes with output: <item:titanium:iron_gear>"
[10:44:54.938][DONE][CLIENT][INFO] Removing "minecraft:crafting" recipes with output: <item:titanium:diamond_gear>"
[10:44:54.942][DONE][CLIENT][INFO] Removing "minecraft:crafting" recipes with output: <item:thermal:coal_coke_block>"
[10:44:54.946][DONE][CLIENT][INFO] Removing "minecraft:crafting" recipes with output: <item:thermal:coal_coke>"
[10:44:54.950][DONE][CLIENT][INFO] Removing "minecraft:crafting" recipes with output: <item:thermal:sapphire>"
[10:44:54.953][DONE][CLIENT][INFO] Removing "minecraft:crafting" recipes with output: <item:thermal:ruby>"
[10:44:54.958][DONE][CLIENT][INFO] Removing "minecraft:crafting" recipes with output: <item:morevanillalib:obsidian_shard>"
[10:44:54.963][DONE][CLIENT][INFO] Removing "minecraft:crafting" recipes with output: <item:mekanism:ingot_copper>"
[10:44:54.968][DONE][CLIENT][INFO] Adding "minecraft:crafting" recipe, of type: "shaped", with name: "crafttweaker:copper_myst" that outputs: <item:silents_mechanisms:copper_ingot> * 3
[10:44:54.968][DONE][CLIENT][INFO] Removing "minecraft:crafting" recipes with output: <item:mekanism:ingot_tin>"
[10:44:54.972][DONE][CLIENT][INFO] Adding "minecraft:crafting" recipe, of type: "shaped", with name: "crafttweaker:tin_myst" that outputs: <item:silents_mechanisms:tin_ingot> * 3
[10:44:54.972][DONE][CLIENT][INFO] Removing "minecraft:crafting" recipes with output: <item:iceandfire:silver_ingot>"
[10:44:54.975][DONE][CLIENT][INFO] Adding "minecraft:crafting" recipe, of type: "shaped", with name: "crafttweaker:silver_myst" that outputs: <item:silents_mechanisms:silver_ingot> * 3
[10:44:54.975][DONE][CLIENT][INFO] Removing "minecraft:crafting" recipes with output: <item:thermal:nickel_ingot>"
[10:44:54.979][DONE][CLIENT][INFO] Adding "minecraft:crafting" recipe, of type: "shaped", with name: "crafttweaker:nickel_myst" that outputs: <item:silents_mechanisms:nickel_ingot> * 2
[10:44:54.979][DONE][CLIENT][INFO] Removing "minecraft:crafting" recipes with output: <item:bluepower:zinc_ingot>"
[10:44:54.982][DONE][CLIENT][INFO] Adding "minecraft:crafting" recipe, of type: "shaped", with name: "crafttweaker:zinc_myst" that outputs: <item:silents_mechanisms:zinc_ingot> * 3
[10:44:54.983][DONE][CLIENT][INFO] Removing "minecraft:crafting" recipes with output: <item:tmechworks:aluminum_ingot>"
[10:44:54.986][DONE][CLIENT][INFO] Adding "minecraft:crafting" recipe, of type: "shaped", with name: "crafttweaker:aluminum_myst" that outputs: <item:silents_mechanisms:aluminum_ingot> * 3
[10:44:54.986][DONE][CLIENT][INFO] Removing "minecraft:crafting" recipes with output: <item:mekanism:ingot_uranium>"
[10:44:54.989][DONE][CLIENT][INFO] Adding "minecraft:crafting" recipe, of type: "shaped", with name: "crafttweaker:uranium_myst" that outputs: <item:silents_mechanisms:uranium_ingot> * 3
[10:44:54.989][DONE][CLIENT][INFO] Removing "minecraft:crafting" recipes with output: <item:mekanism:ingot_bronze>"
[10:44:54.993][DONE][CLIENT][INFO] Adding "minecraft:crafting" recipe, of type: "shaped", with name: "crafttweaker:bronze_myst" that outputs: <item:silents_mechanisms:bronze_ingot> * 3
[10:44:54.993][DONE][CLIENT][INFO] Removing "minecraft:crafting" recipes with output: <item:bluepower:brass_ingot>"
[10:44:54.995][DONE][CLIENT][INFO] Adding "minecraft:crafting" recipe, of type: "shaped", with name: "crafttweaker:brass_myst" that outputs: <item:silents_mechanisms:brass_ingot> * 3
[10:44:54.996][DONE][CLIENT][INFO] Removing "minecraft:crafting" recipes with output: <item:thermal:electrum_ingot>"
[10:44:54.999][DONE][CLIENT][INFO] Adding "minecraft:crafting" recipe, of type: "shaped", with name: "crafttweaker:electrum_myst" that outputs: <item:silents_mechanisms:electrum_ingot> * 3
[10:44:54.999][DONE][CLIENT][INFO] Removing "minecraft:crafting" recipes with output: <item:mekanism:ingot_steel>"
[10:44:55.002][DONE][CLIENT][INFO] Adding "minecraft:crafting" recipe, of type: "shaped", with name: "crafttweaker:steel_myst" that outputs: <item:silents_mechanisms:steel_ingot> * 3
[10:44:55.002][DONE][CLIENT][INFO] Removing "minecraft:crafting" recipes with output: <item:thermal:signalum_ingot>"
[10:44:55.006][DONE][CLIENT][INFO] Adding "minecraft:crafting" recipe, of type: "shaped", with name: "crafttweaker:signalum_myst" that outputs: <item:silents_mechanisms:signalum_ingot> * 3
[10:44:55.006][DONE][CLIENT][INFO] Removing "minecraft:crafting" recipes with output: <item:thermal:lumium_ingot>"
[10:44:55.009][DONE][CLIENT][INFO] Adding "minecraft:crafting" recipe, of type: "shaped", with name: "crafttweaker:lumium_myst" that outputs: <item:silents_mechanisms:lumium_ingot> * 3
[10:44:55.009][DONE][CLIENT][INFO] Removing "minecraft:crafting" recipes with output: <item:thermal:enderium_ingot>"
[10:44:55.012][DONE][CLIENT][INFO] Adding "minecraft:crafting" recipe, of type: "shaped", with name: "crafttweaker:enderium_myst" that outputs: <item:silents_mechanisms:enderium_ingot> * 2
[10:44:55.012][DONE][CLIENT][INFO] Removing "minecraft:crafting" recipes with output: <item:mekanism:ingot_lead>"
[10:44:55.015][DONE][CLIENT][INFO] Adding "minecraft:crafting" recipe, of type: "shaped", with name: "crafttweaker:lead_myst" that outputs: <item:silents_mechanisms:lead_ingot> * 3
[10:44:55.015][DONE][CLIENT][INFO] Removing "minecraft:crafting" recipes with output: <item:thermal:invar_ingot>"
[10:44:55.017][DONE][CLIENT][INFO] Adding "minecraft:crafting" recipe, of type: "shaped", with name: "crafttweaker:invar_myst" that outputs: <item:silents_mechanisms:invar_ingot> * 3
[10:44:55.018][DONE][CLIENT][INFO] Finished loading Scripts!
[10:45:53.167][DONE][SERVER][INFO] Started loading Scripts for Loader 'crafttweaker'!
[10:45:53.208][DONE][SERVER][INFO] Loading file: Mod Recipes\Cyclic.zs
[10:45:53.210][DONE][SERVER][INFO] Loading file: Mod Recipes\Mekanism.zs
[10:45:53.210][DONE][SERVER][INFO] Loading file: Mod Recipes\Mystical.zs
[10:45:53.210][DONE][SERVER][INFO] Loading file: Mod Recipes\Overloaded.zs
[10:45:53.211][DONE][SERVER][INFO] Loading file: Mod Recipes\Reliquary.zs
[10:45:53.211][DONE][SERVER][INFO] Loading file: Mod Recipes\SolarFluxReborn.zs
[10:45:53.211][DONE][SERVER][INFO] Loading file: Unification\Handcrafting_ores_metals.zs
[10:45:53.214][DONE][SERVER][INFO] Loading file: Unification\JEI ore unification.zs
[10:45:53.216][DONE][SERVER][INFO] Loading file: Unification\Mystical_crafting_to_ingots.zs
[10:45:53.249][DONE][SERVER][INFO] Removing "minecraft:crafting" recipes with output: <item:cyclic:antigravity>.withTag({Damage: 0 as int})"
[10:45:53.255][DONE][SERVER][INFO] Removing "minecraft:crafting" recipes with output: <item:cyclic:charm_void>.withTag({Damage: 0 as int})"
[10:45:53.260][DONE][SERVER][INFO] Removing "minecraft:crafting" recipes with output: <item:cyclic:charm_antidote>.withTag({Damage: 0 as int})"
[10:45:53.264][DONE][SERVER][INFO] Removing "minecraft:crafting" recipes with output: <item:cyclic:charm_fire>.withTag({Damage: 0 as int})"
[10:45:53.268][DONE][SERVER][INFO] Removing "minecraft:crafting" recipes with output: <item:cyclic:charm_wither>.withTag({Damage: 0 as int})"
[10:45:53.273][DONE][SERVER][INFO] Removing "minecraft:crafting" recipes with output: <item:cyclic:crystal_chestplate>.withTag({Damage: 0 as int})"
[10:45:53.281][DONE][SERVER][INFO] Removing "minecraft:crafting" recipes with output: <item:cyclic:crystal_helmet>.withTag({Damage: 0 as int})"
[10:45:53.286][DONE][SERVER][INFO] Removing "minecraft:crafting" recipes with output: <item:cyclic:crystal_boots>.withTag({Damage: 0 as int})"
[10:45:53.290][DONE][SERVER][INFO] Removing "minecraft:crafting" recipes with output: <item:cyclic:crystal_leggings>.withTag({Damage: 0 as int})"
[10:45:53.294][DONE][SERVER][INFO] Removing "minecraft:crafting" recipes with output: <item:cyclic:crystal_sword>.withTag({Damage: 0 as int})"
[10:45:53.298][DONE][SERVER][INFO] Removing "minecraft:crafting" recipes with output: <item:cyclic:crystal_pickaxe>.withTag({Damage: 0 as int})"
[10:45:53.301][DONE][SERVER][INFO] Removing "minecraft:crafting" recipes with output: <item:cyclic:crystal_axe>.withTag({Damage: 0 as int})"
[10:45:53.304][DONE][SERVER][INFO] Removing "minecraft:crafting" recipes with output: <item:cyclic:crystal_shovel>.withTag({Damage: 0 as int})"
[10:45:53.310][DONE][SERVER][INFO] Removing "minecraft:crafting" recipes with output: <item:cyclic:crystal_hoe>.withTag({Damage: 0 as int})"
[10:45:53.317][DONE][SERVER][INFO] Removing "minecraft:crafting" recipes with output: <item:cyclic:emerald_chestplate>.withTag({Damage: 0 as int})"
[10:45:53.323][DONE][SERVER][INFO] Removing "minecraft:crafting" recipes with output: <item:cyclic:emerald_helmet>.withTag({Damage: 0 as int})"
[10:45:53.330][DONE][SERVER][INFO] Removing "minecraft:crafting" recipes with output: <item:cyclic:emerald_boots>.withTag({Damage: 0 as int})"
[10:45:53.336][DONE][SERVER][INFO] Removing "minecraft:crafting" recipes with output: <item:cyclic:emerald_leggings>.withTag({Damage: 0 as int})"
[10:45:53.339][DONE][SERVER][INFO] Removing "minecraft:crafting" recipes with output: <item:cyclic:emerald_sword>.withTag({Damage: 0 as int})"
[10:45:53.343][DONE][SERVER][INFO] Removing "minecraft:crafting" recipes with output: <item:cyclic:emerald_pickaxe>.withTag({Damage: 0 as int})"
[10:45:53.346][DONE][SERVER][INFO] Removing "minecraft:crafting" recipes with output: <item:cyclic:emerald_axe>.withTag({Damage: 0 as int})"
[10:45:53.349][DONE][SERVER][INFO] Removing "minecraft:crafting" recipes with output: <item:cyclic:emerald_shovel>.withTag({Damage: 0 as int})"
[10:45:53.351][DONE][SERVER][INFO] Removing "minecraft:crafting" recipes with output: <item:cyclic:emerald_hoe>.withTag({Damage: 0 as int})"
[10:45:53.354][DONE][SERVER][INFO] Removing "minecraft:crafting" recipes with output: <item:cyclic:charm_ultimate>.withTag({Damage: 0 as int})"
[10:45:53.357][DONE][SERVER][INFO] Removing "minecraft:crafting" recipes with output: <item:cyclic:glowing_helmet>.withTag({Damage: 0 as int})"
[10:45:53.360][DONE][SERVER][INFO] Removing "minecraft:crafting" recipes with output: <item:cyclic:energy_pipe>"
[10:45:53.363][DONE][SERVER][INFO] Removing "minecraft:crafting" recipes with output: <item:cyclic:item_pipe>"
[10:45:53.366][DONE][SERVER][INFO] Removing "minecraft:crafting" recipes with output: <item:cyclic:fluid_pipe>"
[10:45:53.368][DONE][SERVER][INFO] Removing "minecraft:crafting" recipes with output: <item:cyclic:cable_wrench>"
[10:45:53.371][DONE][SERVER][INFO] Removing "minecraft:crafting" recipes with output: <item:cyclic:heart>"
[10:45:53.374][DONE][SERVER][INFO] Removing "minecraft:crafting" recipes with output: <item:cyclic:heart_empty>"
[10:45:53.378][DONE][SERVER][INFO] Removing "minecraft:crafting" recipes with output: <item:cyclic:uncrafter>"
[10:45:53.381][DONE][SERVER][INFO] Removing "minecraft:crafting" recipes with output: <item:mekanism:cardboard_box>"
[10:45:53.383][DONE][SERVER][INFO] Adding "minecraft:crafting" recipe, of type: "shaped", with name: "crafttweaker:cardbox" that outputs: <item:mekanism:cardboard_box>
[10:45:53.384][DONE][SERVER][INFO] Removing "minecraft:crafting" recipes with output: <item:mysticalagriculture:infusion_crystal>.withTag({Damage: 0 as int})"
[10:45:53.386][DONE][SERVER][INFO] Removing "minecraft:crafting" recipes with output: <item:mysticalagriculture:infusion_pedestal>"
[10:45:53.390][DONE][SERVER][INFO] Removing "minecraft:crafting" recipes with output: <item:mysticalagriculture:infusion_altar>"
[10:45:53.393][DONE][SERVER][INFO] Adding "minecraft:crafting" recipe, of type: "shaped", with name: "crafttweaker:infpedestal" that outputs: <item:mysticalagriculture:infusion_pedestal>
[10:45:53.393][DONE][SERVER][INFO] Adding "minecraft:crafting" recipe, of type: "shaped", with name: "crafttweaker:infaltar" that outputs: <item:mysticalagriculture:infusion_altar>
[10:45:53.393][DONE][SERVER][INFO] Removing "minecraft:crafting" recipes with output: <item:mysticalagriculture:master_infusion_crystal>"
[10:45:53.397][DONE][SERVER][INFO] Adding "minecraft:crafting" recipe, of type: "shaped", with name: "crafttweaker:master_crystal" that outputs: <item:mysticalagriculture:master_infusion_crystal>
[10:45:53.397][DONE][SERVER][INFO] Removing "minecraft:crafting" recipes with output: <item:overloaded:multi_tool>"
[10:45:53.400][DONE][SERVER][INFO] Removing "minecraft:crafting" recipes with output: <item:overloaded:ray_gun>"
[10:45:53.403][DONE][SERVER][INFO] Removing "minecraft:crafting" recipes with output: <item:overloaded:instant_furnace>"
[10:45:53.406][DONE][SERVER][INFO] Removing "minecraft:crafting" recipes with output: <item:overloaded:multi_chestplate>"
[10:45:53.409][DONE][SERVER][INFO] Adding "minecraft:crafting" recipe, of type: "shaped", with name: "crafttweaker:multichest" that outputs: <item:overloaded:multi_chestplate>
[10:45:53.409][DONE][SERVER][INFO] Removing "minecraft:crafting" recipes with output: <item:overloaded:multi_leggings>"
[10:45:53.412][DONE][SERVER][INFO] Adding "minecraft:crafting" recipe, of type: "shaped", with name: "crafttweaker:multilegs" that outputs: <item:overloaded:multi_leggings>
[10:45:53.412][DONE][SERVER][INFO] Removing "minecraft:crafting" recipes with output: <item:overloaded:multi_helmet>"
[10:45:53.415][DONE][SERVER][INFO] Adding "minecraft:crafting" recipe, of type: "shaped", with name: "crafttweaker:multihelmet" that outputs: <item:overloaded:multi_helmet>
[10:45:53.415][DONE][SERVER][INFO] Removing "minecraft:crafting" recipes with output: <item:overloaded:multi_boots>"
[10:45:53.418][DONE][SERVER][INFO] Adding "minecraft:crafting" recipe, of type: "shaped", with name: "crafttweaker:multiboots" that outputs: <item:overloaded:multi_boots>
[10:45:53.418][DONE][SERVER][INFO] Removing "minecraft:crafting" recipes with output: <item:xreliquary:alkahestry_tome>.withDamage(1001)"
[10:45:53.421][DONE][SERVER][INFO] Adding "minecraft:crafting" recipe, of type: "shaped", with name: "crafttweaker:alktome_c" that outputs: <item:xreliquary:alkahestry_tome>.withDamage(1001)
[10:45:53.422][DONE][SERVER][INFO] Removing "minecraft:crafting" recipes with output: <item:solarflux:sp_3>"
[10:45:53.425][DONE][SERVER][INFO] Adding "minecraft:crafting" recipe, of type: "shaped", with name: "crafttweaker:solart3" that outputs: <item:solarflux:sp_3>
[10:45:53.425][DONE][SERVER][INFO] Removing "minecraft:crafting" recipes with output: <item:solarflux:sp_4>"
[10:45:53.428][DONE][SERVER][INFO] Adding "minecraft:crafting" recipe, of type: "shaped", with name: "crafttweaker:solart4" that outputs: <item:solarflux:sp_4>
[10:45:53.428][DONE][SERVER][INFO] Removing "minecraft:crafting" recipes with output: <item:solarflux:sp_5>"
[10:45:53.431][DONE][SERVER][INFO] Adding "minecraft:crafting" recipe, of type: "shaped", with name: "crafttweaker:solart5" that outputs: <item:solarflux:sp_5>
[10:45:53.431][DONE][SERVER][INFO] Removing "minecraft:crafting" recipes with output: <item:solarflux:sp_6>"
[10:45:53.434][DONE][SERVER][INFO] Adding "minecraft:crafting" recipe, of type: "shaped", with name: "crafttweaker:solart6" that outputs: <item:solarflux:sp_6>
[10:45:53.434][DONE][SERVER][INFO] Removing "minecraft:crafting" recipes with output: <item:solarflux:sp_7>"
[10:45:53.437][DONE][SERVER][INFO] Adding "minecraft:crafting" recipe, of type: "shaped", with name: "crafttweaker:solart7" that outputs: <item:solarflux:sp_7>
[10:45:53.437][DONE][SERVER][INFO] Removing "minecraft:crafting" recipes with output: <item:solarflux:sp_8>"
[10:45:53.441][DONE][SERVER][INFO] Adding "minecraft:crafting" recipe, of type: "shaped", with name: "crafttweaker:solart8" that outputs: <item:solarflux:sp_8>
[10:45:53.442][DONE][SERVER][INFO] Removing "minecraft:crafting" recipes with output: <item:thermal:sulfur_dust>"
[10:45:53.445][DONE][SERVER][INFO] Removing "minecraft:crafting" recipes with output: <item:thermal:sulfur_dust>"
[10:45:53.448][DONE][SERVER][INFO] Adding "minecraft:crafting" recipe, of type: "shapeless", with name: "crafttweaker:sulfur_m" that outputs: <item:thermal:sulfur_dust>
[10:45:53.448][DONE][SERVER][INFO] Removing "minecraft:crafting" recipes with output: <item:silents_mechanisms:iron_dust>"
[10:45:53.451][DONE][SERVER][INFO] Adding "minecraft:crafting" recipe, of type: "shapeless", with name: "crafttweaker:iron_m" that outputs: <item:silents_mechanisms:iron_dust>
[10:45:53.451][DONE][SERVER][INFO] Removing "minecraft:crafting" recipes with output: <item:silents_mechanisms:gold_dust>"
[10:45:53.454][DONE][SERVER][INFO] Adding "minecraft:crafting" recipe, of type: "shapeless", with name: "crafttweaker:gold_m" that outputs: <item:silents_mechanisms:gold_dust>
[10:45:53.454][DONE][SERVER][INFO] Adding "minecraft:crafting" recipe, of type: "shapeless", with name: "crafttweaker:glowstone_m" that outputs: <item:minecraft:glowstone_dust>
[10:45:53.454][DONE][SERVER][INFO] Adding "minecraft:crafting" recipe, of type: "shapeless", with name: "crafttweaker:glowstone_m2" that outputs: <item:minecraft:glowstone_dust> * 3
[10:45:53.454][DONE][SERVER][INFO] Removing "minecraft:crafting" recipes with output: <item:thermal:ender_pearl_dust>"
[10:45:53.458][DONE][SERVER][INFO] Adding "minecraft:crafting" recipe, of type: "shapeless", with name: "crafttweaker:enderdust_m" that outputs: <item:thermal:ender_pearl_dust>
[10:45:53.458][DONE][SERVER][INFO] Removing "minecraft:crafting" recipes with output: <item:appliedenergistics2:fluix_dust>"
[10:45:53.461][DONE][SERVER][INFO] Adding "minecraft:crafting" recipe, of type: "shapeless", with name: "crafttweaker:fluixdust_m" that outputs: <item:appliedenergistics2:fluix_dust>
[10:45:53.461][DONE][SERVER][INFO] Removing "minecraft:crafting" recipes with output: <item:appliedenergistics2:certus_quartz_dust>"
[10:45:53.464][DONE][SERVER][INFO] Adding "minecraft:crafting" recipe, of type: "shapeless", with name: "crafttweaker:certusdust_m" that outputs: <item:appliedenergistics2:certus_quartz_dust>
[10:45:53.464][DONE][SERVER][INFO] Removing "minecraft:crafting" recipes with output: <item:bigreactors:cyanite_dust>"
[10:45:53.467][DONE][SERVER][INFO] Adding "minecraft:crafting" recipe, of type: "shapeless", with name: "crafttweaker:cyanitedust_m" that outputs: <item:bigreactors:cyanite_dust>
[10:45:53.467][DONE][SERVER][INFO] Removing "minecraft:crafting" recipes with output: <item:bigreactors:graphite_dust>"
[10:45:53.470][DONE][SERVER][INFO] Adding "minecraft:crafting" recipe, of type: "shapeless", with name: "crafttweaker:graphiteedust_m" that outputs: <item:bigreactors:graphite_dust>
[10:45:53.470][DONE][SERVER][INFO] Removing "minecraft:crafting" recipes with output: <item:immersiveengineering:dust_coke>"
[10:45:53.473][DONE][SERVER][INFO] Adding "minecraft:crafting" recipe, of type: "shapeless", with name: "crafttweaker:cokedust_m" that outputs: <item:immersiveengineering:dust_coke>
[10:45:53.473][DONE][SERVER][INFO] Removing "minecraft:crafting" recipes with output: <item:thermal:lapis_dust>"
[10:45:53.476][DONE][SERVER][INFO] Adding "minecraft:crafting" recipe, of type: "shapeless", with name: "crafttweaker:lapisdust_m" that outputs: <item:thermal:lapis_dust>
[10:45:53.476][DONE][SERVER][INFO] Removing "minecraft:crafting" recipes with output: <item:thermal:emerald_dust>"
[10:45:53.479][DONE][SERVER][INFO] Adding "minecraft:crafting" recipe, of type: "shapeless", with name: "crafttweaker:emeralddust_m" that outputs: <item:thermal:emerald_dust>
[10:45:53.479][DONE][SERVER][INFO] Removing "minecraft:crafting" recipes with output: <item:thermal:diamond_dust>"
[10:45:53.482][DONE][SERVER][INFO] Adding "minecraft:crafting" recipe, of type: "shapeless", with name: "crafttweaker:diadust_m" that outputs: <item:thermal:diamond_dust>
[10:45:53.482][DONE][SERVER][INFO] Removing "minecraft:crafting" recipes with output: <item:mekanism:dust_netherite>"
[10:45:53.486][DONE][SERVER][INFO] Adding "minecraft:crafting" recipe, of type: "shapeless", with name: "crafttweaker:netherritedust_m" that outputs: <item:mekanism:dust_netherite>
[10:45:53.486][DONE][SERVER][INFO] Removing "minecraft:crafting" recipes with output: <item:mekanism:dust_refined_obsidian>"
[10:45:53.489][DONE][SERVER][INFO] Adding "minecraft:crafting" recipe, of type: "shapeless", with name: "crafttweaker:refindobsidust_m" that outputs: <item:mekanism:dust_refined_obsidian>
[10:45:53.489][DONE][SERVER][INFO] Removing "minecraft:crafting" recipes with output: <item:mekanism:dust_fluorite>"
[10:45:53.493][DONE][SERVER][INFO] Adding "minecraft:crafting" recipe, of type: "shapeless", with name: "crafttweaker:fluoritedust_m" that outputs: <item:mekanism:dust_fluorite>
[10:45:53.493][DONE][SERVER][INFO] Removing "minecraft:crafting" recipes with output: <item:mekanism:dust_osmium>"
[10:45:53.496][DONE][SERVER][INFO] Adding "minecraft:crafting" recipe, of type: "shapeless", with name: "crafttweaker:osmiumdust_m" that outputs: <item:mekanism:dust_osmium>
[10:45:53.496][DONE][SERVER][INFO] Removing "minecraft:crafting" recipes with output: <item:thermal:apatite_dust>"
[10:45:53.499][DONE][SERVER][INFO] Adding "minecraft:crafting" recipe, of type: "shapeless", with name: "crafttweaker:apatitedust_m" that outputs: <item:thermal:apatite_dust>
[10:45:53.499][DONE][SERVER][INFO] Removing "minecraft:crafting" recipes with output: <item:thermal:cinnabar_dust>"
[10:45:53.501][DONE][SERVER][INFO] Adding "minecraft:crafting" recipe, of type: "shapeless", with name: "crafttweaker:cinnabar_m" that outputs: <item:thermal:cinnabar_dust>
[10:45:53.502][DONE][SERVER][INFO] Removing "minecraft:crafting" recipes with output: <item:thermal:niter_dust>"
[10:45:53.504][DONE][SERVER][INFO] Adding "minecraft:crafting" recipe, of type: "shapeless", with name: "crafttweaker:niter_m" that outputs: <item:thermal:niter_dust>
[10:45:53.504][DONE][SERVER][INFO] Removing "minecraft:crafting" recipes with output: <item:thermal:quartz_dust>"
[10:45:53.508][DONE][SERVER][INFO] Adding "minecraft:crafting" recipe, of type: "shapeless", with name: "crafttweaker:quartz_m" that outputs: <item:thermal:quartz_dust>
[10:45:53.508][DONE][SERVER][INFO] Removing "minecraft:crafting" recipes with output: <item:silents_mechanisms:redstone_alloy_dust>"
[10:45:53.511][DONE][SERVER][INFO] Adding "minecraft:crafting" recipe, of type: "shapeless", with name: "crafttweaker:redalloy_m" that outputs: <item:silents_mechanisms:redstone_alloy_dust>
[10:45:53.511][DONE][SERVER][INFO] Removing "minecraft:crafting" recipes with output: <item:silents_mechanisms:copper_dust>"
[10:45:53.514][DONE][SERVER][INFO] Adding "minecraft:crafting" recipe, of type: "shapeless", with name: "crafttweaker:copper_m" that outputs: <item:silents_mechanisms:copper_dust>
[10:45:53.514][DONE][SERVER][INFO] Removing "minecraft:crafting" recipes with output: <item:silents_mechanisms:tin_dust>"
[10:45:53.517][DONE][SERVER][INFO] Adding "minecraft:crafting" recipe, of type: "shapeless", with name: "crafttweaker:tin_m" that outputs: <item:silents_mechanisms:tin_dust>
[10:45:53.517][DONE][SERVER][INFO] Removing "minecraft:crafting" recipes with output: <item:silents_mechanisms:silver_dust>"
[10:45:53.520][DONE][SERVER][INFO] Adding "minecraft:crafting" recipe, of type: "shapeless", with name: "crafttweaker:silver_m" that outputs: <item:silents_mechanisms:silver_dust>
[10:45:53.520][DONE][SERVER][INFO] Removing "minecraft:crafting" recipes with output: <item:silents_mechanisms:nickel_dust>"
[10:45:53.524][DONE][SERVER][INFO] Adding "minecraft:crafting" recipe, of type: "shapeless", with name: "crafttweaker:nickel_m" that outputs: <item:silents_mechanisms:nickel_dust>
[10:45:53.524][DONE][SERVER][INFO] Removing "minecraft:crafting" recipes with output: <item:silents_mechanisms:platinum_dust>"
[10:45:53.527][DONE][SERVER][INFO] Adding "minecraft:crafting" recipe, of type: "shapeless", with name: "crafttweaker:platinum_m" that outputs: <item:silents_mechanisms:platinum_dust>
[10:45:53.527][DONE][SERVER][INFO] Removing "minecraft:crafting" recipes with output: <item:silents_mechanisms:zinc_dust>"
[10:45:53.530][DONE][SERVER][INFO] Adding "minecraft:crafting" recipe, of type: "shapeless", with name: "crafttweaker:zinc_m" that outputs: <item:silents_mechanisms:zinc_dust>
[10:45:53.530][DONE][SERVER][INFO] Removing "minecraft:crafting" recipes with output: <item:silents_mechanisms:bismuth_dust>"
[10:45:53.533][DONE][SERVER][INFO] Adding "minecraft:crafting" recipe, of type: "shapeless", with name: "crafttweaker:bismuth_m" that outputs: <item:silents_mechanisms:bismuth_dust>
[10:45:53.533][DONE][SERVER][INFO] Removing "minecraft:crafting" recipes with output: <item:silents_mechanisms:aluminum_dust>"
[10:45:53.536][DONE][SERVER][INFO] Adding "minecraft:crafting" recipe, of type: "shapeless", with name: "crafttweaker:alum_m" that outputs: <item:silents_mechanisms:aluminum_dust>
[10:45:53.537][DONE][SERVER][INFO] Removing "minecraft:crafting" recipes with output: <item:silents_mechanisms:uranium_dust>"
[10:45:53.540][DONE][SERVER][INFO] Adding "minecraft:crafting" recipe, of type: "shapeless", with name: "crafttweaker:uranium_m" that outputs: <item:silents_mechanisms:uranium_dust>
[10:45:53.540][DONE][SERVER][INFO] Removing "minecraft:crafting" recipes with output: <item:silents_mechanisms:bronze_dust>"
[10:45:53.543][DONE][SERVER][INFO] Adding "minecraft:crafting" recipe, of type: "shapeless", with name: "crafttweaker:bronze_m" that outputs: <item:silents_mechanisms:bronze_dust> * 4
[10:45:53.543][DONE][SERVER][INFO] Adding "minecraft:crafting" recipe, of type: "shapeless", with name: "crafttweaker:bronze_m2" that outputs: <item:silents_mechanisms:bronze_dust>
[10:45:53.543][DONE][SERVER][INFO] Removing "minecraft:crafting" recipes with output: <item:silents_mechanisms:brass_dust>"
[10:45:53.546][DONE][SERVER][INFO] Adding "minecraft:crafting" recipe, of type: "shapeless", with name: "crafttweaker:brass_m" that outputs: <item:silents_mechanisms:brass_dust> * 4
[10:45:53.546][DONE][SERVER][INFO] Adding "minecraft:crafting" recipe, of type: "shapeless", with name: "crafttweaker:brass_m2" that outputs: <item:silents_mechanisms:brass_dust>
[10:45:53.546][DONE][SERVER][INFO] Removing "minecraft:crafting" recipes with output: <item:silents_mechanisms:invar_dust>"
[10:45:53.549][DONE][SERVER][INFO] Adding "minecraft:crafting" recipe, of type: "shapeless", with name: "crafttweaker:invar_m" that outputs: <item:silents_mechanisms:invar_dust> * 3
[10:45:53.549][DONE][SERVER][INFO] Adding "minecraft:crafting" recipe, of type: "shapeless", with name: "crafttweaker:invar_m2" that outputs: <item:silents_mechanisms:invar_dust>
[10:45:53.549][DONE][SERVER][INFO] Removing "minecraft:crafting" recipes with output: <item:silents_mechanisms:electrum_dust>"
[10:45:53.553][DONE][SERVER][INFO] Adding "minecraft:crafting" recipe, of type: "shapeless", with name: "crafttweaker:electrum_m" that outputs: <item:silents_mechanisms:electrum_dust> * 2
[10:45:53.553][DONE][SERVER][INFO] Adding "minecraft:crafting" recipe, of type: "shapeless", with name: "crafttweaker:electrum_m2" that outputs: <item:silents_mechanisms:electrum_dust>
[10:45:53.553][DONE][SERVER][INFO] Removing "minecraft:crafting" recipes with output: <item:silents_mechanisms:steel_dust>"
[10:45:53.556][DONE][SERVER][INFO] Adding "minecraft:crafting" recipe, of type: "shapeless", with name: "crafttweaker:steel_m" that outputs: <item:silents_mechanisms:steel_dust>
[10:45:53.556][DONE][SERVER][INFO] Removing "minecraft:crafting" recipes with output: <item:silents_mechanisms:bismuth_brass_dust>"
[10:45:53.560][DONE][SERVER][INFO] Adding "minecraft:crafting" recipe, of type: "shapeless", with name: "crafttweaker:bis_brass_m" that outputs: <item:silents_mechanisms:bismuth_brass_dust>
[10:45:53.560][DONE][SERVER][INFO] Removing "minecraft:crafting" recipes with output: <item:silents_mechanisms:aluminum_steel_dust>"
[10:45:53.563][DONE][SERVER][INFO] Adding "minecraft:crafting" recipe, of type: "shapeless", with name: "crafttweaker:alu-steel_m" that outputs: <item:silents_mechanisms:aluminum_steel_dust>
[10:45:53.563][DONE][SERVER][INFO] Removing "minecraft:crafting" recipes with output: <item:silents_mechanisms:bismuth_steel_dust>"
[10:45:53.566][DONE][SERVER][INFO] Adding "minecraft:crafting" recipe, of type: "shapeless", with name: "crafttweaker:bis-steel_m" that outputs: <item:silents_mechanisms:bismuth_steel_dust>
[10:45:53.566][DONE][SERVER][INFO] Removing "minecraft:crafting" recipes with output: <item:silents_mechanisms:signalum_dust>"
[10:45:53.569][DONE][SERVER][INFO] Adding "minecraft:crafting" recipe, of type: "shapeless", with name: "crafttweaker:signalum_m" that outputs: <item:silents_mechanisms:signalum_dust>
[10:45:53.569][DONE][SERVER][INFO] Adding "minecraft:crafting" recipe, of type: "shapeless", with name: "crafttweaker:signalum_m2" that outputs: <item:silents_mechanisms:signalum_dust> * 4
[10:45:53.569][DONE][SERVER][INFO] Removing "minecraft:crafting" recipes with output: <item:silents_mechanisms:lumium_dust>"
[10:45:53.572][DONE][SERVER][INFO] Removing "minecraft:crafting" recipes with output: <item:thermal:lumium_dust>"
[10:45:53.575][DONE][SERVER][INFO] Adding "minecraft:crafting" recipe, of type: "shapeless", with name: "crafttweaker:lumium_m" that outputs: <item:silents_mechanisms:lumium_dust>
[10:45:53.575][DONE][SERVER][INFO] Adding "minecraft:crafting" recipe, of type: "shapeless", with name: "crafttweaker:lumium_m2" that outputs: <item:silents_mechanisms:lumium_dust> * 4
[10:45:53.575][DONE][SERVER][INFO] Removing "minecraft:crafting" recipes with output: <item:silents_mechanisms:enderium_dust>"
[10:45:53.578][DONE][SERVER][INFO] Adding "minecraft:crafting" recipe, of type: "shapeless", with name: "crafttweaker:enderium_m" that outputs: <item:silents_mechanisms:enderium_dust>
[10:45:53.578][DONE][SERVER][INFO] Adding "minecraft:crafting" recipe, of type: "shapeless", with name: "crafttweaker:enderium_m2" that outputs: <item:silents_mechanisms:enderium_dust> * 4
[10:45:53.578][DONE][SERVER][INFO] Removing "minecraft:crafting" recipes with output: <item:silents_mechanisms:coal_dust>"
[10:45:53.581][DONE][SERVER][INFO] Adding "minecraft:crafting" recipe, of type: "shapeless", with name: "crafttweaker:coal_m" that outputs: <item:silents_mechanisms:coal_dust>
[10:45:53.581][DONE][SERVER][INFO] Removing "minecraft:crafting" recipes with output: <item:astralsorcery:stardust>"
[10:45:53.584][DONE][SERVER][INFO] Adding "minecraft:crafting" recipe, of type: "shapeless", with name: "crafttweaker:starmetal_m" that outputs: <item:astralsorcery:stardust>
[10:45:53.584][DONE][SERVER][INFO] Removing "minecraft:crafting" recipes with output: <item:jaopca:dusts.tungsten>"
[10:45:53.587][DONE][SERVER][INFO] Adding "minecraft:crafting" recipe, of type: "shapeless", with name: "crafttweaker:tungsten_m" that outputs: <item:jaopca:dusts.tungsten>
[10:45:53.589][DONE][SERVER][INFO] Removing "minecraft:crafting" recipes with output: <item:immersiveengineering:plate_lead>"
[10:45:53.593][DONE][SERVER][INFO] Removing "minecraft:crafting" recipes with output: <item:immersiveengineering:plate_constantan>"
[10:45:53.601][DONE][SERVER][INFO] Removing "minecraft:crafting" recipes with output: <item:immersiveengineering:plate_electrum>"
[10:45:53.608][DONE][SERVER][INFO] Removing "minecraft:crafting" recipes with output: <item:immersiveengineering:plate_iron>"
[10:45:53.615][DONE][SERVER][INFO] Removing "minecraft:crafting" recipes with output: <item:immersiveengineering:plate_gold>"
[10:45:53.621][DONE][SERVER][INFO] Removing "minecraft:crafting" recipes with output: <item:immersiveengineering:plate_copper>"
[10:45:53.625][DONE][SERVER][INFO] Removing "minecraft:crafting" recipes with output: <item:immersiveengineering:plate_silver>"
[10:45:53.629][DONE][SERVER][INFO] Removing "minecraft:crafting" recipes with output: <item:immersiveengineering:plate_nickel>"
[10:45:53.632][DONE][SERVER][INFO] Removing "minecraft:crafting" recipes with output: <item:immersiveengineering:stick_iron>"
[10:45:53.635][DONE][SERVER][INFO] Removing "minecraft:crafting" recipes with output: <item:immersiveengineering:stick_steel>"
[10:45:53.638][DONE][SERVER][INFO] Removing "minecraft:crafting" recipes with output: <item:immersiveengineering:stick_aluminum>"
[10:45:53.645][DONE][SERVER][INFO] Removing "minecraft:crafting" recipes with output: <item:immersiveengineering:dust_sulfur>"
[10:45:53.651][DONE][SERVER][INFO] Removing "minecraft:crafting" recipes with output: <item:immersiveengineering:dust_saltpeter>"
[10:45:53.658][DONE][SERVER][INFO] Removing "minecraft:crafting" recipes with output: <item:mekanism:dust_sulfur>"
[10:45:53.664][DONE][SERVER][INFO] Removing "minecraft:crafting" recipes with output: <item:bluepower:sapphire_gem>"
[10:45:53.671][DONE][SERVER][INFO] Removing "minecraft:crafting" recipes with output: <item:bluepower:sapphire_block>"
[10:45:53.674][DONE][SERVER][INFO] Removing "minecraft:crafting" recipes with output: <item:bluepower:amethyst_gem>"
[10:45:53.677][DONE][SERVER][INFO] Removing "minecraft:crafting" recipes with output: <item:bluepower:amethyst_block>"
[10:45:53.681][DONE][SERVER][INFO] Removing "minecraft:crafting" recipes with output: <item:titanium:gold_gear>"
[10:45:53.684][DONE][SERVER][INFO] Removing "minecraft:crafting" recipes with output: <item:titanium:iron_gear>"
[10:45:53.687][DONE][SERVER][INFO] Removing "minecraft:crafting" recipes with output: <item:titanium:diamond_gear>"
[10:45:53.691][DONE][SERVER][INFO] Removing "minecraft:crafting" recipes with output: <item:thermal:coal_coke_block>"
[10:45:53.694][DONE][SERVER][INFO] Removing "minecraft:crafting" recipes with output: <item:thermal:coal_coke>"
[10:45:53.697][DONE][SERVER][INFO] Removing "minecraft:crafting" recipes with output: <item:thermal:sapphire>"
[10:45:53.700][DONE][SERVER][INFO] Removing "minecraft:crafting" recipes with output: <item:thermal:ruby>"
[10:45:53.703][DONE][SERVER][INFO] Removing "minecraft:crafting" recipes with output: <item:morevanillalib:obsidian_shard>"
[10:45:53.707][DONE][SERVER][INFO] Removing "minecraft:crafting" recipes with output: <item:mekanism:ingot_copper>"
[10:45:53.710][DONE][SERVER][INFO] Adding "minecraft:crafting" recipe, of type: "shaped", with name: "crafttweaker:copper_myst" that outputs: <item:silents_mechanisms:copper_ingot> * 3
[10:45:53.710][DONE][SERVER][INFO] Removing "minecraft:crafting" recipes with output: <item:mekanism:ingot_tin>"
[10:45:53.713][DONE][SERVER][INFO] Adding "minecraft:crafting" recipe, of type: "shaped", with name: "crafttweaker:tin_myst" that outputs: <item:silents_mechanisms:tin_ingot> * 3
[10:45:53.713][DONE][SERVER][INFO] Removing "minecraft:crafting" recipes with output: <item:iceandfire:silver_ingot>"
[10:45:53.716][DONE][SERVER][INFO] Adding "minecraft:crafting" recipe, of type: "shaped", with name: "crafttweaker:silver_myst" that outputs: <item:silents_mechanisms:silver_ingot> * 3
[10:45:53.716][DONE][SERVER][INFO] Removing "minecraft:crafting" recipes with output: <item:thermal:nickel_ingot>"
[10:45:53.719][DONE][SERVER][INFO] Adding "minecraft:crafting" recipe, of type: "shaped", with name: "crafttweaker:nickel_myst" that outputs: <item:silents_mechanisms:nickel_ingot> * 2
[10:45:53.719][DONE][SERVER][INFO] Removing "minecraft:crafting" recipes with output: <item:bluepower:zinc_ingot>"
[10:45:53.722][DONE][SERVER][INFO] Adding "minecraft:crafting" recipe, of type: "shaped", with name: "crafttweaker:zinc_myst" that outputs: <item:silents_mechanisms:zinc_ingot> * 3
[10:45:53.722][DONE][SERVER][INFO] Removing "minecraft:crafting" recipes with output: <item:tmechworks:aluminum_ingot>"
[10:45:53.726][DONE][SERVER][INFO] Adding "minecraft:crafting" recipe, of type: "shaped", with name: "crafttweaker:aluminum_myst" that outputs: <item:silents_mechanisms:aluminum_ingot> * 3
[10:45:53.726][DONE][SERVER][INFO] Removing "minecraft:crafting" recipes with output: <item:mekanism:ingot_uranium>"
[10:45:53.729][DONE][SERVER][INFO] Adding "minecraft:crafting" recipe, of type: "shaped", with name: "crafttweaker:uranium_myst" that outputs: <item:silents_mechanisms:uranium_ingot> * 3
[10:45:53.729][DONE][SERVER][INFO] Removing "minecraft:crafting" recipes with output: <item:mekanism:ingot_bronze>"
[10:45:53.732][DONE][SERVER][INFO] Adding "minecraft:crafting" recipe, of type: "shaped", with name: "crafttweaker:bronze_myst" that outputs: <item:silents_mechanisms:bronze_ingot> * 3
[10:45:53.732][DONE][SERVER][INFO] Removing "minecraft:crafting" recipes with output: <item:bluepower:brass_ingot>"
[10:45:53.734][DONE][SERVER][INFO] Adding "minecraft:crafting" recipe, of type: "shaped", with name: "crafttweaker:brass_myst" that outputs: <item:silents_mechanisms:brass_ingot> * 3
[10:45:53.734][DONE][SERVER][INFO] Removing "minecraft:crafting" recipes with output: <item:thermal:electrum_ingot>"
[10:45:53.737][DONE][SERVER][INFO] Adding "minecraft:crafting" recipe, of type: "shaped", with name: "crafttweaker:electrum_myst" that outputs: <item:silents_mechanisms:electrum_ingot> * 3
[10:45:53.737][DONE][SERVER][INFO] Removing "minecraft:crafting" recipes with output: <item:mekanism:ingot_steel>"
[10:45:53.741][DONE][SERVER][INFO] Adding "minecraft:crafting" recipe, of type: "shaped", with name: "crafttweaker:steel_myst" that outputs: <item:silents_mechanisms:steel_ingot> * 3
[10:45:53.741][DONE][SERVER][INFO] Removing "minecraft:crafting" recipes with output: <item:thermal:signalum_ingot>"
[10:45:53.744][DONE][SERVER][INFO] Adding "minecraft:crafting" recipe, of type: "shaped", with name: "crafttweaker:signalum_myst" that outputs: <item:silents_mechanisms:signalum_ingot> * 3
[10:45:53.744][DONE][SERVER][INFO] Removing "minecraft:crafting" recipes with output: <item:thermal:lumium_ingot>"
[10:45:53.747][DONE][SERVER][INFO] Adding "minecraft:crafting" recipe, of type: "shaped", with name: "crafttweaker:lumium_myst" that outputs: <item:silents_mechanisms:lumium_ingot> * 3
[10:45:53.747][DONE][SERVER][INFO] Removing "minecraft:crafting" recipes with output: <item:thermal:enderium_ingot>"
[10:45:53.750][DONE][SERVER][INFO] Adding "minecraft:crafting" recipe, of type: "shaped", with name: "crafttweaker:enderium_myst" that outputs: <item:silents_mechanisms:enderium_ingot> * 2
[10:45:53.750][DONE][SERVER][INFO] Removing "minecraft:crafting" recipes with output: <item:mekanism:ingot_lead>"
[10:45:53.752][DONE][SERVER][INFO] Adding "minecraft:crafting" recipe, of type: "shaped", with name: "crafttweaker:lead_myst" that outputs: <item:silents_mechanisms:lead_ingot> * 3
[10:45:53.753][DONE][SERVER][INFO] Removing "minecraft:crafting" recipes with output: <item:thermal:invar_ingot>"
[10:45:53.756][DONE][SERVER][INFO] Adding "minecraft:crafting" recipe, of type: "shaped", with name: "crafttweaker:invar_myst" that outputs: <item:silents_mechanisms:invar_ingot> * 3
[10:45:53.756][DONE][SERVER][INFO] Finished loading Scripts!
[10:46:27.559][DONE][CLIENT][INFO] Loading file: Mod Recipes\Cyclic.zs
[10:46:27.559][DONE][CLIENT][INFO] Loading file: Mod Recipes\Mekanism.zs
[10:46:27.560][DONE][CLIENT][INFO] Loading file: Mod Recipes\Mystical.zs
[10:46:27.560][DONE][CLIENT][INFO] Loading file: Mod Recipes\Overloaded.zs
[10:46:27.560][DONE][CLIENT][INFO] Loading file: Mod Recipes\Reliquary.zs
[10:46:27.561][DONE][CLIENT][INFO] Loading file: Mod Recipes\SolarFluxReborn.zs
[10:46:27.561][DONE][CLIENT][INFO] Loading file: Unification\Handcrafting_ores_metals.zs
[10:46:27.564][DONE][CLIENT][INFO] Loading file: Unification\JEI ore unification.zs
[10:46:27.567][DONE][CLIENT][INFO] Loading file: Unification\Mystical_crafting_to_ingots.zs
[10:46:27.600][DONE][CLIENT][INFO] JEI Hiding Item: <item:cyclic:antigravity>.withTag({Damage: 0 as int})
[10:46:27.600][DONE][CLIENT][INFO] JEI Hiding Item: <item:cyclic:charm_void>.withTag({Damage: 0 as int})
[10:46:27.601][DONE][CLIENT][INFO] JEI Hiding Item: <item:cyclic:charm_antidote>.withTag({Damage: 0 as int})
[10:46:27.601][DONE][CLIENT][INFO] JEI Hiding Item: <item:cyclic:charm_fire>.withTag({Damage: 0 as int})
[10:46:27.601][DONE][CLIENT][INFO] JEI Hiding Item: <item:cyclic:charm_wither>.withTag({Damage: 0 as int})
[10:46:27.601][DONE][CLIENT][INFO] JEI Hiding Item: <item:cyclic:crystal_chestplate>.withTag({Damage: 0 as int})
[10:46:27.601][DONE][CLIENT][INFO] JEI Hiding Item: <item:cyclic:crystal_helmet>.withTag({Damage: 0 as int})
[10:46:27.601][DONE][CLIENT][INFO] JEI Hiding Item: <item:cyclic:crystal_boots>.withTag({Damage: 0 as int})
[10:46:27.601][DONE][CLIENT][INFO] JEI Hiding Item: <item:cyclic:crystal_leggings>.withTag({Damage: 0 as int})
[10:46:27.601][DONE][CLIENT][INFO] JEI Hiding Item: <item:cyclic:crystal_sword>.withTag({Damage: 0 as int})
[10:46:27.601][DONE][CLIENT][INFO] JEI Hiding Item: <item:cyclic:crystal_pickaxe>.withTag({Damage: 0 as int})
[10:46:27.601][DONE][CLIENT][INFO] JEI Hiding Item: <item:cyclic:crystal_axe>.withTag({Damage: 0 as int})
[10:46:27.601][DONE][CLIENT][INFO] JEI Hiding Item: <item:cyclic:crystal_shovel>.withTag({Damage: 0 as int})
[10:46:27.601][DONE][CLIENT][INFO] JEI Hiding Item: <item:cyclic:crystal_hoe>.withTag({Damage: 0 as int})
[10:46:27.601][DONE][CLIENT][INFO] JEI Hiding Item: <item:cyclic:emerald_chestplate>.withTag({Damage: 0 as int})
[10:46:27.601][DONE][CLIENT][INFO] JEI Hiding Item: <item:cyclic:emerald_helmet>.withTag({Damage: 0 as int})
[10:46:27.601][DONE][CLIENT][INFO] JEI Hiding Item: <item:cyclic:emerald_boots>.withTag({Damage: 0 as int})
[10:46:27.601][DONE][CLIENT][INFO] JEI Hiding Item: <item:cyclic:emerald_leggings>.withTag({Damage: 0 as int})
[10:46:27.601][DONE][CLIENT][INFO] JEI Hiding Item: <item:cyclic:emerald_sword>.withTag({Damage: 0 as int})
[10:46:27.602][DONE][CLIENT][INFO] JEI Hiding Item: <item:cyclic:emerald_pickaxe>.withTag({Damage: 0 as int})
[10:46:27.602][DONE][CLIENT][INFO] JEI Hiding Item: <item:cyclic:emerald_axe>.withTag({Damage: 0 as int})
[10:46:27.602][DONE][CLIENT][INFO] JEI Hiding Item: <item:cyclic:emerald_shovel>.withTag({Damage: 0 as int})
[10:46:27.602][DONE][CLIENT][INFO] JEI Hiding Item: <item:cyclic:emerald_hoe>.withTag({Damage: 0 as int})
[10:46:27.602][DONE][CLIENT][INFO] JEI Hiding Item: <item:cyclic:charm_ultimate>.withTag({Damage: 0 as int})
[10:46:27.602][DONE][CLIENT][INFO] JEI Hiding Item: <item:cyclic:glowing_helmet>.withTag({Damage: 0 as int})
[10:46:27.602][DONE][CLIENT][INFO] JEI Hiding Item: <item:cyclic:energy_pipe>
[10:46:27.602][DONE][CLIENT][INFO] JEI Hiding Item: <item:cyclic:item_pipe>
[10:46:27.602][DONE][CLIENT][INFO] JEI Hiding Item: <item:cyclic:fluid_pipe>
[10:46:27.602][DONE][CLIENT][INFO] JEI Hiding Item: <item:cyclic:cable_wrench>
[10:46:27.602][DONE][CLIENT][INFO] JEI Hiding Item: <item:cyclic:heart>
[10:46:27.602][DONE][CLIENT][INFO] JEI Hiding Item: <item:cyclic:heart_empty>
[10:46:27.603][DONE][CLIENT][INFO] JEI Hiding Item: <item:cyclic:uncrafter>
[10:46:27.603][DONE][CLIENT][INFO] JEI Hiding Item: <item:mysticalagriculture:infusion_crystal>.withTag({Damage: 0 as int})
[10:46:27.604][DONE][CLIENT][INFO] JEI Hiding Item: <item:overloaded:multi_tool>
[10:46:27.604][DONE][CLIENT][INFO] JEI Hiding Item: <item:overloaded:ray_gun>
[10:46:27.604][DONE][CLIENT][INFO] JEI Hiding Item: <item:overloaded:instant_furnace>
[10:46:27.609][DONE][CLIENT][INFO] JEI Hiding Item: <item:immersiveengineering:ore_copper>
[10:46:27.610][DONE][CLIENT][INFO] JEI Hiding Item: <item:immersiveengineering:ingot_copper>
[10:46:27.610][DONE][CLIENT][INFO] JEI Hiding Item: <item:immersiveengineering:dust_copper>
[10:46:27.610][DONE][CLIENT][INFO] JEI Hiding Item: <item:immersiveengineering:nugget_copper>
[10:46:27.610][DONE][CLIENT][INFO] JEI Hiding Item: <item:immersiveengineering:storage_copper>
[10:46:27.610][DONE][CLIENT][INFO] JEI Hiding Item: <item:immersiveengineering:slab_storage_copper>
[10:46:27.610][DONE][CLIENT][INFO] JEI Hiding Item: <item:immersiveengineering:ore_aluminum>
[10:46:27.610][DONE][CLIENT][INFO] JEI Hiding Item: <item:immersiveengineering:ingot_aluminum>
[10:46:27.610][DONE][CLIENT][INFO] JEI Hiding Item: <item:immersiveengineering:dust_aluminum>
[10:46:27.610][DONE][CLIENT][INFO] JEI Hiding Item: <item:immersiveengineering:nugget_aluminum>
[10:46:27.610][DONE][CLIENT][INFO] JEI Hiding Item: <item:immersiveengineering:storage_aluminum>
[10:46:27.610][DONE][CLIENT][INFO] JEI Hiding Item: <item:immersiveengineering:slab_storage_aluminum>
[10:46:27.610][DONE][CLIENT][INFO] JEI Hiding Item: <item:immersiveengineering:ore_lead>
[10:46:27.610][DONE][CLIENT][INFO] JEI Hiding Item: <item:immersiveengineering:ingot_lead>
[10:46:27.610][DONE][CLIENT][INFO] JEI Hiding Item: <item:immersiveengineering:dust_lead>
[10:46:27.610][DONE][CLIENT][INFO] JEI Hiding Item: <item:immersiveengineering:nugget_lead>
[10:46:27.610][DONE][CLIENT][INFO] JEI Hiding Item: <item:immersiveengineering:storage_lead>
[10:46:27.610][DONE][CLIENT][INFO] JEI Hiding Item: <item:immersiveengineering:slab_storage_lead>
[10:46:27.610][DONE][CLIENT][INFO] JEI Hiding Item: <item:immersiveengineering:ore_silver>
[10:46:27.610][DONE][CLIENT][INFO] JEI Hiding Item: <item:immersiveengineering:ingot_silver>
[10:46:27.610][DONE][CLIENT][INFO] JEI Hiding Item: <item:immersiveengineering:dust_silver>
[10:46:27.610][DONE][CLIENT][INFO] JEI Hiding Item: <item:immersiveengineering:nugget_silver>
[10:46:27.610][DONE][CLIENT][INFO] JEI Hiding Item: <item:immersiveengineering:storage_silver>
[10:46:27.610][DONE][CLIENT][INFO] JEI Hiding Item: <item:immersiveengineering:slab_storage_silver>
[10:46:27.610][DONE][CLIENT][INFO] JEI Hiding Item: <item:immersiveengineering:ore_nickel>
[10:46:27.610][DONE][CLIENT][INFO] JEI Hiding Item: <item:immersiveengineering:ingot_nickel>
[10:46:27.610][DONE][CLIENT][INFO] JEI Hiding Item: <item:immersiveengineering:dust_nickel>
[10:46:27.610][DONE][CLIENT][INFO] JEI Hiding Item: <item:immersiveengineering:nugget_nickel>
[10:46:27.610][DONE][CLIENT][INFO] JEI Hiding Item: <item:immersiveengineering:storage_nickel>
[10:46:27.610][DONE][CLIENT][INFO] JEI Hiding Item: <item:immersiveengineering:slab_storage_nickel>
[10:46:27.610][DONE][CLIENT][INFO] JEI Hiding Item: <item:immersiveengineering:ore_uranium>
[10:46:27.610][DONE][CLIENT][INFO] JEI Hiding Item: <item:immersiveengineering:ingot_uranium>
[10:46:27.610][DONE][CLIENT][INFO] JEI Hiding Item: <item:immersiveengineering:dust_uranium>
[10:46:27.610][DONE][CLIENT][INFO] JEI Hiding Item: <item:immersiveengineering:nugget_uranium>
[10:46:27.610][DONE][CLIENT][INFO] JEI Hiding Item: <item:immersiveengineering:storage_uranium>
[10:46:27.610][DONE][CLIENT][INFO] JEI Hiding Item: <item:immersiveengineering:slab_storage_uranium>
[10:46:27.610][DONE][CLIENT][INFO] JEI Hiding Item: <item:immersiveengineering:dust_iron>
[10:46:27.611][DONE][CLIENT][INFO] JEI Hiding Item: <item:immersiveengineering:dust_gold>
[10:46:27.611][DONE][CLIENT][INFO] JEI Hiding Item: <item:immersiveengineering:dust_steel>
[10:46:27.611][DONE][CLIENT][INFO] JEI Hiding Item: <item:immersiveengineering:storage_steel>
[10:46:27.611][DONE][CLIENT][INFO] JEI Hiding Item: <item:immersiveengineering:ingot_steel>
[10:46:27.611][DONE][CLIENT][INFO] JEI Hiding Item: <item:immersiveengineering:nugget_steel>
[10:46:27.611][DONE][CLIENT][INFO] JEI Hiding Item: <item:immersiveengineering:ingot_constantan>
[10:46:27.611][DONE][CLIENT][INFO] JEI Hiding Item: <item:immersiveengineering:dust_constantan>
[10:46:27.611][DONE][CLIENT][INFO] JEI Hiding Item: <item:immersiveengineering:nugget_constantan>
[10:46:27.611][DONE][CLIENT][INFO] JEI Hiding Item: <item:immersiveengineering:storage_constantan>
[10:46:27.611][DONE][CLIENT][INFO] JEI Hiding Item: <item:immersiveengineering:slab_storage_constantan>
[10:46:27.611][DONE][CLIENT][INFO] JEI Hiding Item: <item:immersiveengineering:ingot_electrum>
[10:46:27.611][DONE][CLIENT][INFO] JEI Hiding Item: <item:immersiveengineering:dust_electrum>
[10:46:27.611][DONE][CLIENT][INFO] JEI Hiding Item: <item:immersiveengineering:nugget_electrum>
[10:46:27.611][DONE][CLIENT][INFO] JEI Hiding Item: <item:immersiveengineering:storage_electrum>
[10:46:27.611][DONE][CLIENT][INFO] JEI Hiding Item: <item:immersiveengineering:slab_storage_electrum>
[10:46:27.611][DONE][CLIENT][INFO] JEI Hiding Item: <item:immersiveengineering:plate_lead>
[10:46:27.611][DONE][CLIENT][INFO] JEI Hiding Item: <item:immersiveengineering:plate_constantan>
[10:46:27.611][DONE][CLIENT][INFO] JEI Hiding Item: <item:immersiveengineering:plate_electrum>
[10:46:27.611][DONE][CLIENT][INFO] JEI Hiding Item: <item:immersiveengineering:plate_iron>
[10:46:27.611][DONE][CLIENT][INFO] JEI Hiding Item: <item:immersiveengineering:plate_gold>
[10:46:27.611][DONE][CLIENT][INFO] JEI Hiding Item: <item:immersiveengineering:plate_copper>
[10:46:27.611][DONE][CLIENT][INFO] JEI Hiding Item: <item:immersiveengineering:plate_silver>
[10:46:27.611][DONE][CLIENT][INFO] JEI Hiding Item: <item:immersiveengineering:plate_nickel>
[10:46:27.611][DONE][CLIENT][INFO] JEI Hiding Item: <item:immersiveengineering:storage_aluminum>
[10:46:27.611][DONE][CLIENT][INFO] JEI Hiding Item: <item:immersiveengineering:nugget_aluminum>
[10:46:27.611][DONE][CLIENT][INFO] JEI Hiding Item: <item:immersiveengineering:ingot_aluminum>
[10:46:27.611][DONE][CLIENT][INFO] JEI Hiding Item: <item:immersiveengineering:dust_aluminum>
[10:46:27.611][DONE][CLIENT][INFO] JEI Hiding Item: <item:immersiveengineering:stick_iron>
[10:46:27.611][DONE][CLIENT][INFO] JEI Hiding Item: <item:immersiveengineering:stick_steel>
[10:46:27.611][DONE][CLIENT][INFO] JEI Hiding Item: <item:immersiveengineering:stick_aluminum>
[10:46:27.611][DONE][CLIENT][INFO] JEI Hiding Item: <item:immersiveengineering:dust_sulfur>
[10:46:27.611][DONE][CLIENT][INFO] JEI Hiding Item: <item:immersiveengineering:dust_saltpeter>
[10:46:27.611][DONE][CLIENT][INFO] JEI Hiding Item: <item:immersiveengineering:dust_wood>
[10:46:27.611][DONE][CLIENT][INFO] JEI Hiding Item: <item:iceandfire:copper_ore>
[10:46:27.611][DONE][CLIENT][INFO] JEI Hiding Item: <item:iceandfire:copper_block>
[10:46:27.611][DONE][CLIENT][INFO] JEI Hiding Item: <item:iceandfire:copper_ingot>
[10:46:27.611][DONE][CLIENT][INFO] JEI Hiding Item: <item:iceandfire:copper_nugget>
[10:46:27.611][DONE][CLIENT][INFO] JEI Hiding Item: <item:iceandfire:silver_ore>
[10:46:27.611][DONE][CLIENT][INFO] JEI Hiding Item: <item:iceandfire:silver_block>
[10:46:27.612][DONE][CLIENT][INFO] JEI Hiding Item: <item:iceandfire:silver_ingot>
[10:46:27.612][DONE][CLIENT][INFO] JEI Hiding Item: <item:iceandfire:silver_nugget>
[10:46:27.612][DONE][CLIENT][INFO] JEI Hiding Item: <item:iceandfire:amythest_ore>
[10:46:27.612][DONE][CLIENT][INFO] JEI Hiding Item: <item:iceandfire:sapphire_ore>
[10:46:27.612][DONE][CLIENT][INFO] JEI Hiding Item: <item:appliedenergistics2:iron_dust>
[10:46:27.612][DONE][CLIENT][INFO] JEI Hiding Item: <item:appliedenergistics2:gold_dust>
[10:46:27.612][DONE][CLIENT][INFO] JEI Hiding Item: <item:appliedenergistics2:nether_quartz_dust>
[10:46:27.612][DONE][CLIENT][INFO] JEI Hiding Item: <item:appliedenergistics2:ender_dust>
[10:46:27.612][DONE][CLIENT][INFO] JEI Hiding Item: <item:appliedenergistics2:silicon>
[10:46:27.612][DONE][CLIENT][INFO] JEI Hiding Item: <item:mekanism:block_steel>
[10:46:27.612][DONE][CLIENT][INFO] JEI Hiding Item: <item:mekanism:ingot_steel>
[10:46:27.612][DONE][CLIENT][INFO] JEI Hiding Item: <item:mekanism:nugget_steel>
[10:46:27.612][DONE][CLIENT][INFO] JEI Hiding Item: <item:mekanism:nugget_bronze>
[10:46:27.612][DONE][CLIENT][INFO] JEI Hiding Item: <item:mekanism:dust_bronze>
[10:46:27.612][DONE][CLIENT][INFO] JEI Hiding Item: <item:mekanism:ingot_bronze>
[10:46:27.612][DONE][CLIENT][INFO] JEI Hiding Item: <item:mekanism:block_bronze>
[10:46:27.612][DONE][CLIENT][INFO] JEI Hiding Item: <item:mekanism:copper_ore>
[10:46:27.612][DONE][CLIENT][INFO] JEI Hiding Item: <item:mekanism:block_copper>
[10:46:27.612][DONE][CLIENT][INFO] JEI Hiding Item: <item:mekanism:ingot_copper>
[10:46:27.612][DONE][CLIENT][INFO] JEI Hiding Item: <item:mekanism:dust_copper>
[10:46:27.612][DONE][CLIENT][INFO] JEI Hiding Item: <item:mekanism:nugget_copper>
[10:46:27.612][DONE][CLIENT][INFO] JEI Hiding Item: <item:mekanism:tin_ore>
[10:46:27.612][DONE][CLIENT][INFO] JEI Hiding Item: <item:mekanism:block_tin>
[10:46:27.612][DONE][CLIENT][INFO] JEI Hiding Item: <item:mekanism:ingot_tin>
[10:46:27.612][DONE][CLIENT][INFO] JEI Hiding Item: <item:mekanism:dust_tin>
[10:46:27.612][DONE][CLIENT][INFO] JEI Hiding Item: <item:mekanism:nugget_tin>
[10:46:27.612][DONE][CLIENT][INFO] JEI Hiding Item: <item:mekanism:uranium_ore>
[10:46:27.612][DONE][CLIENT][INFO] JEI Hiding Item: <item:mekanism:block_uranium>
[10:46:27.612][DONE][CLIENT][INFO] JEI Hiding Item: <item:mekanism:ingot_uranium>
[10:46:27.612][DONE][CLIENT][INFO] JEI Hiding Item: <item:mekanism:dust_uranium>
[10:46:27.612][DONE][CLIENT][INFO] JEI Hiding Item: <item:mekanism:nugget_uranium>
[10:46:27.612][DONE][CLIENT][INFO] JEI Hiding Item: <item:mekanism:lead_ore>
[10:46:27.612][DONE][CLIENT][INFO] JEI Hiding Item: <item:mekanism:block_lead>
[10:46:27.612][DONE][CLIENT][INFO] JEI Hiding Item: <item:mekanism:ingot_lead>
[10:46:27.612][DONE][CLIENT][INFO] JEI Hiding Item: <item:mekanism:dust_lead>
[10:46:27.612][DONE][CLIENT][INFO] JEI Hiding Item: <item:mekanism:nugget_lead>
[10:46:27.612][DONE][CLIENT][INFO] JEI Hiding Item: <item:mekanism:dust_iron>
[10:46:27.612][DONE][CLIENT][INFO] JEI Hiding Item: <item:mekanism:dust_gold>
[10:46:27.612][DONE][CLIENT][INFO] JEI Hiding Item: <item:mekanism:dust_steel>
[10:46:27.612][DONE][CLIENT][INFO] JEI Hiding Item: <item:mekanism:dust_sulfur>
[10:46:27.613][DONE][CLIENT][INFO] JEI Hiding Item: <item:mekanism:sawdust>
[10:46:27.613][DONE][CLIENT][INFO] JEI Hiding Item: <item:mekanism:dust_quartz>
[10:46:27.613][DONE][CLIENT][INFO] JEI Hiding Item: <item:mekanism:dust_lapis_lazuli>
[10:46:27.613][DONE][CLIENT][INFO] JEI Hiding Item: <item:mekanism:dust_emerald>
[10:46:27.613][DONE][CLIENT][INFO] JEI Hiding Item: <item:mekanism:dust_diamond>
[10:46:27.613][DONE][CLIENT][INFO] JEI Hiding Item: <item:bno:aluminum_block>
[10:46:27.613][DONE][CLIENT][INFO] JEI Hiding Item: <item:bno:copper_block>
[10:46:27.613][DONE][CLIENT][INFO] JEI Hiding Item: <item:bno:lead_block>
[10:46:27.613][DONE][CLIENT][INFO] JEI Hiding Item: <item:bno:nickel_block>
[10:46:27.613][DONE][CLIENT][INFO] JEI Hiding Item: <item:bno:silver_block>
[10:46:27.613][DONE][CLIENT][INFO] JEI Hiding Item: <item:bno:tin_block>
[10:46:27.613][DONE][CLIENT][INFO] JEI Hiding Item: <item:bno:osmium_block>
[10:46:27.613][DONE][CLIENT][INFO] JEI Hiding Item: <item:bno:uranium_block>
[10:46:27.613][DONE][CLIENT][INFO] JEI Hiding Item: <item:bno:aluminum_ingot>
[10:46:27.613][DONE][CLIENT][INFO] JEI Hiding Item: <item:bno:copper_ingot>
[10:46:27.613][DONE][CLIENT][INFO] JEI Hiding Item: <item:bno:lead_ingot>
[10:46:27.613][DONE][CLIENT][INFO] JEI Hiding Item: <item:bno:nickel_ingot>
[10:46:27.613][DONE][CLIENT][INFO] JEI Hiding Item: <item:bno:silver_ingot>
[10:46:27.613][DONE][CLIENT][INFO] JEI Hiding Item: <item:bno:tin_ingot>
[10:46:27.613][DONE][CLIENT][INFO] JEI Hiding Item: <item:bno:osmium_ingot>
[10:46:27.613][DONE][CLIENT][INFO] JEI Hiding Item: <item:bno:uranium_ingot>
[10:46:27.613][DONE][CLIENT][INFO] JEI Hiding Item: <item:bno:aluminum_nugget>
[10:46:27.613][DONE][CLIENT][INFO] JEI Hiding Item: <item:bno:copper_nugget>
[10:46:27.613][DONE][CLIENT][INFO] JEI Hiding Item: <item:bno:lead_nugget>
[10:46:27.613][DONE][CLIENT][INFO] JEI Hiding Item: <item:bno:nickel_nugget>
[10:46:27.613][DONE][CLIENT][INFO] JEI Hiding Item: <item:bno:silver_nugget>
[10:46:27.613][DONE][CLIENT][INFO] JEI Hiding Item: <item:bno:tin_nugget>
[10:46:27.613][DONE][CLIENT][INFO] JEI Hiding Item: <item:bno:osmium_nugget>
[10:46:27.613][DONE][CLIENT][INFO] JEI Hiding Item: <item:bno:nethersilver_ore>
[10:46:27.613][DONE][CLIENT][INFO] JEI Hiding Item: <item:bno:netherlead_ore>
[10:46:27.613][DONE][CLIENT][INFO] JEI Hiding Item: <item:bno:nethernickel_ore>
[10:46:27.614][DONE][CLIENT][INFO] JEI Hiding Item: <item:bno:netheraluminum_ore>
[10:46:27.614][DONE][CLIENT][INFO] JEI Hiding Item: <item:bno:nethertin_ore>
[10:46:27.614][DONE][CLIENT][INFO] JEI Hiding Item: <item:bno:netheruranium_ore>
[10:46:27.614][DONE][CLIENT][INFO] JEI Hiding Item: <item:bno:netherosmium_ore>
[10:46:27.614][DONE][CLIENT][INFO] JEI Hiding Item: <item:silents_mechanisms:compressed_iron_ingot>
[10:46:27.614][DONE][CLIENT][INFO] JEI Hiding Item: <item:silents_mechanisms:refined_iron_ingot>
[10:46:27.614][DONE][CLIENT][INFO] JEI Hiding Item: <item:bluepower:silver_ore>
[10:46:27.614][DONE][CLIENT][INFO] JEI Hiding Item: <item:bluepower:copper_ore>
[10:46:27.614][DONE][CLIENT][INFO] JEI Hiding Item: <item:bluepower:zinc_ore>
[10:46:27.614][DONE][CLIENT][INFO] JEI Hiding Item: <item:bluepower:copper_ingot>
[10:46:27.614][DONE][CLIENT][INFO] JEI Hiding Item: <item:bluepower:silver_ingot>
[10:46:27.614][DONE][CLIENT][INFO] JEI Hiding Item: <item:bluepower:zinc_ingot>
[10:46:27.614][DONE][CLIENT][INFO] JEI Hiding Item: <item:bluepower:brass_ingot>
[10:46:27.614][DONE][CLIENT][INFO] JEI Hiding Item: <item:bluepower:brass_ingot>
[10:46:27.614][DONE][CLIENT][INFO] JEI Hiding Item: <item:bluepower:brass_ingot>
[10:46:27.614][DONE][CLIENT][INFO] JEI Hiding Item: <item:bluepower:zinc_block>
[10:46:27.614][DONE][CLIENT][INFO] JEI Hiding Item: <item:bluepower:copper_block>
[10:46:27.614][DONE][CLIENT][INFO] JEI Hiding Item: <item:bluepower:silver_block>
[10:46:27.614][DONE][CLIENT][INFO] JEI Hiding Item: <item:bluepower:zinc_dust>
[10:46:27.614][DONE][CLIENT][INFO] JEI Hiding Item: <item:bluepower:zinc_tiny_dust>
[10:46:27.614][DONE][CLIENT][INFO] JEI Hiding Item: <item:bluepower:zinc_ore_crushed>
[10:46:27.614][DONE][CLIENT][INFO] JEI Hiding Item: <item:bluepower:zinc_ore_purified>
[10:46:27.614][DONE][CLIENT][INFO] JEI Hiding Item: <item:bluepower:red_alloy_ingot>
[10:46:27.614][DONE][CLIENT][INFO] JEI Hiding Item: <item:bluepower:sapphire_gem>
[10:46:27.614][DONE][CLIENT][INFO] JEI Hiding Item: <item:bluepower:sapphire_block>
[10:46:27.615][DONE][CLIENT][INFO] JEI Hiding Item: <item:bluepower:amethyst_gem>
[10:46:27.615][DONE][CLIENT][INFO] JEI Hiding Item: <item:bluepower:amethyst_block>
[10:46:27.615][DONE][CLIENT][INFO] JEI Hiding Item: <item:tmechworks:copper_ore>
[10:46:27.615][DONE][CLIENT][INFO] JEI Hiding Item: <item:tmechworks:copper_ingot>
[10:46:27.615][DONE][CLIENT][INFO] JEI Hiding Item: <item:tmechworks:copper_nugget>
[10:46:27.615][DONE][CLIENT][INFO] JEI Hiding Item: <item:tmechworks:copper_block>
[10:46:27.615][DONE][CLIENT][INFO] JEI Hiding Item: <item:tmechworks:aluminum_nugget>
[10:46:27.615][DONE][CLIENT][INFO] JEI Hiding Item: <item:tmechworks:aluminum_block>
[10:46:27.615][DONE][CLIENT][INFO] JEI Hiding Item: <item:tmechworks:aluminum_ingot>
[10:46:27.615][DONE][CLIENT][INFO] JEI Hiding Item: <item:tmechworks:aluminum_ore>
[10:46:27.615][DONE][CLIENT][INFO] JEI Hiding Item: <item:titanium:gold_gear>
[10:46:27.615][DONE][CLIENT][INFO] JEI Hiding Item: <item:titanium:iron_gear>
[10:46:27.615][DONE][CLIENT][INFO] JEI Hiding Item: <item:titanium:diamond_gear>
[10:46:27.615][DONE][CLIENT][INFO] JEI Hiding Item: <item:bigreactors:yellorium_ingot>
[10:46:27.615][DONE][CLIENT][INFO] JEI Hiding Item: <item:bigreactors:yellorium_block>
[10:46:27.615][DONE][CLIENT][INFO] JEI Hiding Item: <item:bigreactors:yellorium_dust>
[10:46:27.615][DONE][CLIENT][INFO] JEI Hiding Item: <item:bigreactors:yellorite_ore>
[10:46:27.615][DONE][CLIENT][INFO] JEI Hiding Item: <item:thermal:silver_ore>
[10:46:27.615][DONE][CLIENT][INFO] JEI Hiding Item: <item:thermal:lead_ore>
[10:46:27.615][DONE][CLIENT][INFO] JEI Hiding Item: <item:thermal:nickel_ore>
[10:46:27.615][DONE][CLIENT][INFO] JEI Hiding Item: <item:thermal:copper_ore>
[10:46:27.615][DONE][CLIENT][INFO] JEI Hiding Item: <item:thermal:tin_ore>
[10:46:27.615][DONE][CLIENT][INFO] JEI Hiding Item: <item:thermal:gold_plate>
[10:46:27.615][DONE][CLIENT][INFO] JEI Hiding Item: <item:thermal:gold_gear>
[10:46:27.615][DONE][CLIENT][INFO] JEI Hiding Item: <item:thermal:lapis_gear>
[10:46:27.616][DONE][CLIENT][INFO] JEI Hiding Item: <item:thermal:diamond_gear>
[10:46:27.616][DONE][CLIENT][INFO] JEI Hiding Item: <item:thermal:emerald_gear>
[10:46:27.616][DONE][CLIENT][INFO] JEI Hiding Item: <item:thermal:gold_dust>
[10:46:27.616][DONE][CLIENT][INFO] JEI Hiding Item: <item:thermal:iron_dust>
[10:46:27.616][DONE][CLIENT][INFO] JEI Hiding Item: <item:thermal:copper_ingot>
[10:46:27.616][DONE][CLIENT][INFO] JEI Hiding Item: <item:thermal:copper_nugget>
[10:46:27.616][DONE][CLIENT][INFO] JEI Hiding Item: <item:thermal:copper_dust>
[10:46:27.616][DONE][CLIENT][INFO] JEI Hiding Item: <item:thermal:copper_block>
[10:46:27.616][DONE][CLIENT][INFO] JEI Hiding Item: <item:thermal:silver_block>
[10:46:27.616][DONE][CLIENT][INFO] JEI Hiding Item: <item:thermal:silver_ingot>
[10:46:27.616][DONE][CLIENT][INFO] JEI Hiding Item: <item:thermal:silver_nugget>
[10:46:27.616][DONE][CLIENT][INFO] JEI Hiding Item: <item:thermal:silver_dust>
[10:46:27.616][DONE][CLIENT][INFO] JEI Hiding Item: <item:thermal:lead_ingot>
[10:46:27.616][DONE][CLIENT][INFO] JEI Hiding Item: <item:thermal:lead_nugget>
[10:46:27.616][DONE][CLIENT][INFO] JEI Hiding Item: <item:thermal:lead_dust>
[10:46:27.616][DONE][CLIENT][INFO] JEI Hiding Item: <item:thermal:lead_block>
[10:46:27.616][DONE][CLIENT][INFO] JEI Hiding Item: <item:thermal:nickel_ingot>
[10:46:27.616][DONE][CLIENT][INFO] JEI Hiding Item: <item:thermal:nickel_nugget>
[10:46:27.616][DONE][CLIENT][INFO] JEI Hiding Item: <item:thermal:nickel_dust>
[10:46:27.616][DONE][CLIENT][INFO] JEI Hiding Item: <item:thermal:nickel_block>
[10:46:27.616][DONE][CLIENT][INFO] JEI Hiding Item: <item:thermal:tin_ingot>
[10:46:27.616][DONE][CLIENT][INFO] JEI Hiding Item: <item:thermal:tin_nugget>
[10:46:27.616][DONE][CLIENT][INFO] JEI Hiding Item: <item:thermal:tin_dust>
[10:46:27.616][DONE][CLIENT][INFO] JEI Hiding Item: <item:thermal:tin_block>
[10:46:27.616][DONE][CLIENT][INFO] JEI Hiding Item: <item:thermal:bronze_ingot>
[10:46:27.616][DONE][CLIENT][INFO] JEI Hiding Item: <item:thermal:bronze_nugget>
[10:46:27.616][DONE][CLIENT][INFO] JEI Hiding Item: <item:thermal:bronze_dust>
[10:46:27.617][DONE][CLIENT][INFO] JEI Hiding Item: <item:thermal:bronze_block>
[10:46:27.617][DONE][CLIENT][INFO] JEI Hiding Item: <item:thermal:electrum_ingot>
[10:46:27.617][DONE][CLIENT][INFO] JEI Hiding Item: <item:thermal:electrum_nugget>
[10:46:27.617][DONE][CLIENT][INFO] JEI Hiding Item: <item:thermal:electrum_dust>
[10:46:27.617][DONE][CLIENT][INFO] JEI Hiding Item: <item:thermal:electrum_block>
[10:46:27.617][DONE][CLIENT][INFO] JEI Hiding Item: <item:thermal:invar_ingot>
[10:46:27.617][DONE][CLIENT][INFO] JEI Hiding Item: <item:thermal:invar_nugget>
[10:46:27.617][DONE][CLIENT][INFO] JEI Hiding Item: <item:thermal:invar_dust>
[10:46:27.617][DONE][CLIENT][INFO] JEI Hiding Item: <item:thermal:invar_block>
[10:46:27.617][DONE][CLIENT][INFO] JEI Hiding Item: <item:thermal:signalum_ingot>
[10:46:27.617][DONE][CLIENT][INFO] JEI Hiding Item: <item:thermal:signalum_nugget>
[10:46:27.617][DONE][CLIENT][INFO] JEI Hiding Item: <item:thermal:signalum_dust>
[10:46:27.617][DONE][CLIENT][INFO] JEI Hiding Item: <item:thermal:signalum_block>
[10:46:27.617][DONE][CLIENT][INFO] JEI Hiding Item: <item:thermal:lumium_ingot>
[10:46:27.617][DONE][CLIENT][INFO] JEI Hiding Item: <item:thermal:lumium_nugget>
[10:46:27.617][DONE][CLIENT][INFO] JEI Hiding Item: <item:thermal:lumium_dust>
[10:46:27.617][DONE][CLIENT][INFO] JEI Hiding Item: <item:thermal:lumium_block>
[10:46:27.617][DONE][CLIENT][INFO] JEI Hiding Item: <item:thermal:lumium_ingot>
[10:46:27.617][DONE][CLIENT][INFO] JEI Hiding Item: <item:thermal:enderium_nugget>
[10:46:27.617][DONE][CLIENT][INFO] JEI Hiding Item: <item:thermal:enderium_dust>
[10:46:27.617][DONE][CLIENT][INFO] JEI Hiding Item: <item:thermal:enderium_block>
[10:46:27.617][DONE][CLIENT][INFO] JEI Hiding Item: <item:thermal:enderium_ingot>
[10:46:27.617][DONE][CLIENT][INFO] JEI Hiding Item: <item:thermal:coal_coke_block>
[10:46:27.617][DONE][CLIENT][INFO] JEI Hiding Item: <item:thermal:coal_coke>
[10:46:27.617][DONE][CLIENT][INFO] JEI Hiding Item: <item:thermal:sapphire>
[10:46:27.617][DONE][CLIENT][INFO] JEI Hiding Item: <item:thermal:sapphire_ore>
[10:46:27.617][DONE][CLIENT][INFO] JEI Hiding Item: <item:thermal:ruby>
[10:46:27.618][DONE][CLIENT][INFO] JEI Hiding Item: <item:thermal:ruby_ore>
[10:46:27.618][DONE][CLIENT][INFO] JEI Hiding Item: <item:create:copper_ore>
[10:46:27.618][DONE][CLIENT][INFO] JEI Hiding Item: <item:create:copper_block>
[10:46:27.618][DONE][CLIENT][INFO] JEI Hiding Item: <item:create:copper_nugget>
[10:46:27.618][DONE][CLIENT][INFO] JEI Hiding Item: <item:create:copper_ingot>
[10:46:27.618][DONE][CLIENT][INFO] JEI Hiding Item: <item:create:zinc_ore>
[10:46:27.618][DONE][CLIENT][INFO] JEI Hiding Item: <item:create:zinc_block>
[10:46:27.618][DONE][CLIENT][INFO] JEI Hiding Item: <item:create:zinc_nugget>
[10:46:27.618][DONE][CLIENT][INFO] JEI Hiding Item: <item:create:zinc_ingot>
[10:46:27.618][DONE][CLIENT][INFO] JEI Hiding Item: <item:create:brass_block>
[10:46:27.618][DONE][CLIENT][INFO] JEI Hiding Item: <item:create:brass_nugget>
[10:46:27.618][DONE][CLIENT][INFO] JEI Hiding Item: <item:create:brass_ingot>
[10:46:27.618][DONE][CLIENT][INFO] JEI Hiding Item: <item:morevanillalib:obsidian_shard>
